cpu-bind=MASK - host099, task  0  0 [12532]: mask 0x4 set
[INFO]:Scanning /badc/cmip6/data/CMIP6/CMIP/MIROC/MIROC6/piControl/r1i1p1f1/6hrLev/ua/gn/v20191114/
[INFO]:Number of files 360
[INFO]:    ua_6hrLev_MIROC6_piControl_r1i1p1f1_gn_335001010600-335002010000.nc 1037583823
[INFO]:    ua_6hrLev_MIROC6_piControl_r1i1p1f1_gn_335002010600-335003010000.nc 939713739
[INFO]:    ua_6hrLev_MIROC6_piControl_r1i1p1f1_gn_335003010600-335004010000.nc 1039656484
[INFO]:    ua_6hrLev_MIROC6_piControl_r1i1p1f1_gn_335004010600-335005010000.nc 1007576680
[INFO]:    ua_6hrLev_MIROC6_piControl_r1i1p1f1_gn_335005010600-335006010000.nc 1037161014
[INFO]:    ua_6hrLev_MIROC6_piControl_r1i1p1f1_gn_335006010600-335007010000.nc 997132200
[INFO]:    ua_6hrLev_MIROC6_piControl_r1i1p1f1_gn_335007010600-335008010000.nc 1029864702
[INFO]:    ua_6hrLev_MIROC6_piControl_r1i1p1f1_gn_335008010600-335009010000.nc 1036843659
[INFO]:    ua_6hrLev_MIROC6_piControl_r1i1p1f1_gn_335009010600-335010010000.nc 1006486564
[INFO]:    ua_6hrLev_MIROC6_piControl_r1i1p1f1_gn_335010010600-335011010000.nc 1041044423
[INFO]:    ua_6hrLev_MIROC6_piControl_r1i1p1f1_gn_335011010600-335012010000.nc 1009024199
[INFO]:    ua_6hrLev_MIROC6_piControl_r1i1p1f1_gn_335012010600-335101010000.nc 1036230236
[INFO]:    ua_6hrLev_MIROC6_piControl_r1i1p1f1_gn_335101010600-335102010000.nc 1035485092
[INFO]:    ua_6hrLev_MIROC6_piControl_r1i1p1f1_gn_335102010600-335103010000.nc 940018736
[INFO]:    ua_6hrLev_MIROC6_piControl_r1i1p1f1_gn_335103010600-335104010000.nc 1041514656
[INFO]:    ua_6hrLev_MIROC6_piControl_r1i1p1f1_gn_335104010600-335105010000.nc 1006847259
[INFO]:    ua_6hrLev_MIROC6_piControl_r1i1p1f1_gn_335105010600-335106010000.nc 1038290619
[INFO]:    ua_6hrLev_MIROC6_piControl_r1i1p1f1_gn_335106010600-335107010000.nc 998733973
[INFO]:    ua_6hrLev_MIROC6_piControl_r1i1p1f1_gn_335107010600-335108010000.nc 1029138055
[INFO]:    ua_6hrLev_MIROC6_piControl_r1i1p1f1_gn_335108010600-335109010000.nc 1035087501
[INFO]:    ua_6hrLev_MIROC6_piControl_r1i1p1f1_gn_335109010600-335110010000.nc 1004526747
[INFO]:    ua_6hrLev_MIROC6_piControl_r1i1p1f1_gn_335110010600-335111010000.nc 1038519293
[INFO]:    ua_6hrLev_MIROC6_piControl_r1i1p1f1_gn_335111010600-335112010000.nc 1006434501
[INFO]:    ua_6hrLev_MIROC6_piControl_r1i1p1f1_gn_335112010600-335201010000.nc 1033286990
[INFO]:    ua_6hrLev_MIROC6_piControl_r1i1p1f1_gn_335201010600-335202010000.nc 1034232084
[INFO]:    ua_6hrLev_MIROC6_piControl_r1i1p1f1_gn_335202010600-335203010000.nc 975245207
[INFO]:    ua_6hrLev_MIROC6_piControl_r1i1p1f1_gn_335203010600-335204010000.nc 1041962169
[INFO]:    ua_6hrLev_MIROC6_piControl_r1i1p1f1_gn_335204010600-335205010000.nc 1008302166
[INFO]:    ua_6hrLev_MIROC6_piControl_r1i1p1f1_gn_335205010600-335206010000.nc 1038739063
[INFO]:    ua_6hrLev_MIROC6_piControl_r1i1p1f1_gn_335206010600-335207010000.nc 998516759
[INFO]:    ua_6hrLev_MIROC6_piControl_r1i1p1f1_gn_335207010600-335208010000.nc 1030905189
[INFO]:    ua_6hrLev_MIROC6_piControl_r1i1p1f1_gn_335208010600-335209010000.nc 1035810721
[INFO]:    ua_6hrLev_MIROC6_piControl_r1i1p1f1_gn_335209010600-335210010000.nc 1006428780
[INFO]:    ua_6hrLev_MIROC6_piControl_r1i1p1f1_gn_335210010600-335211010000.nc 1041158917
[INFO]:    ua_6hrLev_MIROC6_piControl_r1i1p1f1_gn_335211010600-335212010000.nc 1007982435
[INFO]:    ua_6hrLev_MIROC6_piControl_r1i1p1f1_gn_335212010600-335301010000.nc 1037535361
[INFO]:    ua_6hrLev_MIROC6_piControl_r1i1p1f1_gn_335301010600-335302010000.nc 1038140017
[INFO]:    ua_6hrLev_MIROC6_piControl_r1i1p1f1_gn_335302010600-335303010000.nc 941540334
[INFO]:    ua_6hrLev_MIROC6_piControl_r1i1p1f1_gn_335303010600-335304010000.nc 1041226340
[INFO]:    ua_6hrLev_MIROC6_piControl_r1i1p1f1_gn_335304010600-335305010000.nc 1007217091
[INFO]:    ua_6hrLev_MIROC6_piControl_r1i1p1f1_gn_335305010600-335306010000.nc 1038698977
[INFO]:    ua_6hrLev_MIROC6_piControl_r1i1p1f1_gn_335306010600-335307010000.nc 998952844
[INFO]:    ua_6hrLev_MIROC6_piControl_r1i1p1f1_gn_335307010600-335308010000.nc 1032127896
[INFO]:    ua_6hrLev_MIROC6_piControl_r1i1p1f1_gn_335308010600-335309010000.nc 1034245203
[INFO]:    ua_6hrLev_MIROC6_piControl_r1i1p1f1_gn_335309010600-335310010000.nc 1005742571
[INFO]:    ua_6hrLev_MIROC6_piControl_r1i1p1f1_gn_335310010600-335311010000.nc 1039514755
[INFO]:    ua_6hrLev_MIROC6_piControl_r1i1p1f1_gn_335311010600-335312010000.nc 1006863944
[INFO]:    ua_6hrLev_MIROC6_piControl_r1i1p1f1_gn_335312010600-335401010000.nc 1035310643
[INFO]:    ua_6hrLev_MIROC6_piControl_r1i1p1f1_gn_335401010600-335402010000.nc 1037538328
[INFO]:    ua_6hrLev_MIROC6_piControl_r1i1p1f1_gn_335402010600-335403010000.nc 941107045
[INFO]:    ua_6hrLev_MIROC6_piControl_r1i1p1f1_gn_335403010600-335404010000.nc 1042728250
[INFO]:    ua_6hrLev_MIROC6_piControl_r1i1p1f1_gn_335404010600-335405010000.nc 1007013922
[INFO]:    ua_6hrLev_MIROC6_piControl_r1i1p1f1_gn_335405010600-335406010000.nc 1036411553
[INFO]:    ua_6hrLev_MIROC6_piControl_r1i1p1f1_gn_335406010600-335407010000.nc 996929736
[INFO]:    ua_6hrLev_MIROC6_piControl_r1i1p1f1_gn_335407010600-335408010000.nc 1030689971
[INFO]:    ua_6hrLev_MIROC6_piControl_r1i1p1f1_gn_335408010600-335409010000.nc 1035187919
[INFO]:    ua_6hrLev_MIROC6_piControl_r1i1p1f1_gn_335409010600-335410010000.nc 1004289304
[INFO]:    ua_6hrLev_MIROC6_piControl_r1i1p1f1_gn_335410010600-335411010000.nc 1038649163
[INFO]:    ua_6hrLev_MIROC6_piControl_r1i1p1f1_gn_335411010600-335412010000.nc 1007105505
[INFO]:    ua_6hrLev_MIROC6_piControl_r1i1p1f1_gn_335412010600-335501010000.nc 1035756856
[INFO]:    ua_6hrLev_MIROC6_piControl_r1i1p1f1_gn_335501010600-335502010000.nc 1035888579
[INFO]:    ua_6hrLev_MIROC6_piControl_r1i1p1f1_gn_335502010600-335503010000.nc 941266599
[INFO]:    ua_6hrLev_MIROC6_piControl_r1i1p1f1_gn_335503010600-335504010000.nc 1043928779
[INFO]:    ua_6hrLev_MIROC6_piControl_r1i1p1f1_gn_335504010600-335505010000.nc 1009246566
[INFO]:    ua_6hrLev_MIROC6_piControl_r1i1p1f1_gn_335505010600-335506010000.nc 1039480772
[INFO]:    ua_6hrLev_MIROC6_piControl_r1i1p1f1_gn_335506010600-335507010000.nc 997930013
[INFO]:    ua_6hrLev_MIROC6_piControl_r1i1p1f1_gn_335507010600-335508010000.nc 1029795300
[INFO]:    ua_6hrLev_MIROC6_piControl_r1i1p1f1_gn_335508010600-335509010000.nc 1036255491
[INFO]:    ua_6hrLev_MIROC6_piControl_r1i1p1f1_gn_335509010600-335510010000.nc 1008582087
[INFO]:    ua_6hrLev_MIROC6_piControl_r1i1p1f1_gn_335510010600-335511010000.nc 1039950780
[INFO]:    ua_6hrLev_MIROC6_piControl_r1i1p1f1_gn_335511010600-335512010000.nc 1004686762
[INFO]:    ua_6hrLev_MIROC6_piControl_r1i1p1f1_gn_335512010600-335601010000.nc 1035272853
[INFO]:    ua_6hrLev_MIROC6_piControl_r1i1p1f1_gn_335601010600-335602010000.nc 1033713405
[INFO]:    ua_6hrLev_MIROC6_piControl_r1i1p1f1_gn_335602010600-335603010000.nc 975252059
[INFO]:    ua_6hrLev_MIROC6_piControl_r1i1p1f1_gn_335603010600-335604010000.nc 1041392886
[INFO]:    ua_6hrLev_MIROC6_piControl_r1i1p1f1_gn_335604010600-335605010000.nc 1007177193
[INFO]:    ua_6hrLev_MIROC6_piControl_r1i1p1f1_gn_335605010600-335606010000.nc 1038360580
[INFO]:    ua_6hrLev_MIROC6_piControl_r1i1p1f1_gn_335606010600-335607010000.nc 997367988
[INFO]:    ua_6hrLev_MIROC6_piControl_r1i1p1f1_gn_335607010600-335608010000.nc 1030170905
[INFO]:    ua_6hrLev_MIROC6_piControl_r1i1p1f1_gn_335608010600-335609010000.nc 1034041155
[INFO]:    ua_6hrLev_MIROC6_piControl_r1i1p1f1_gn_335609010600-335610010000.nc 1004286791
[INFO]:    ua_6hrLev_MIROC6_piControl_r1i1p1f1_gn_335610010600-335611010000.nc 1039801061
[INFO]:    ua_6hrLev_MIROC6_piControl_r1i1p1f1_gn_335611010600-335612010000.nc 1006527750
[INFO]:    ua_6hrLev_MIROC6_piControl_r1i1p1f1_gn_335612010600-335701010000.nc 1036139833
[INFO]:    ua_6hrLev_MIROC6_piControl_r1i1p1f1_gn_335701010600-335702010000.nc 1034740259
[INFO]:    ua_6hrLev_MIROC6_piControl_r1i1p1f1_gn_335702010600-335703010000.nc 941871980
[INFO]:    ua_6hrLev_MIROC6_piControl_r1i1p1f1_gn_335703010600-335704010000.nc 1042548964
[INFO]:    ua_6hrLev_MIROC6_piControl_r1i1p1f1_gn_335704010600-335705010000.nc 1008206965
[INFO]:    ua_6hrLev_MIROC6_piControl_r1i1p1f1_gn_335705010600-335706010000.nc 1039183530
[INFO]:    ua_6hrLev_MIROC6_piControl_r1i1p1f1_gn_335706010600-335707010000.nc 998517402
[INFO]:    ua_6hrLev_MIROC6_piControl_r1i1p1f1_gn_335707010600-335708010000.nc 1029885430
[INFO]:    ua_6hrLev_MIROC6_piControl_r1i1p1f1_gn_335708010600-335709010000.nc 1034312894
[INFO]:    ua_6hrLev_MIROC6_piControl_r1i1p1f1_gn_335709010600-335710010000.nc 1005115588
[INFO]:    ua_6hrLev_MIROC6_piControl_r1i1p1f1_gn_335710010600-335711010000.nc 1041386187
[INFO]:    ua_6hrLev_MIROC6_piControl_r1i1p1f1_gn_335711010600-335712010000.nc 1006123851
[INFO]:    ua_6hrLev_MIROC6_piControl_r1i1p1f1_gn_335712010600-335801010000.nc 1035648884
[INFO]:    ua_6hrLev_MIROC6_piControl_r1i1p1f1_gn_335801010600-335802010000.nc 1036111121
[INFO]:    ua_6hrLev_MIROC6_piControl_r1i1p1f1_gn_335802010600-335803010000.nc 941260376
[INFO]:    ua_6hrLev_MIROC6_piControl_r1i1p1f1_gn_335803010600-335804010000.nc 1043771352
[INFO]:    ua_6hrLev_MIROC6_piControl_r1i1p1f1_gn_335804010600-335805010000.nc 1009328132
[INFO]:    ua_6hrLev_MIROC6_piControl_r1i1p1f1_gn_335805010600-335806010000.nc 1040128066
[INFO]:    ua_6hrLev_MIROC6_piControl_r1i1p1f1_gn_335806010600-335807010000.nc 999101668
[INFO]:    ua_6hrLev_MIROC6_piControl_r1i1p1f1_gn_335807010600-335808010000.nc 1031613389
[INFO]:    ua_6hrLev_MIROC6_piControl_r1i1p1f1_gn_335808010600-335809010000.nc 1037475211
[INFO]:    ua_6hrLev_MIROC6_piControl_r1i1p1f1_gn_335809010600-335810010000.nc 1005684937
[INFO]:    ua_6hrLev_MIROC6_piControl_r1i1p1f1_gn_335810010600-335811010000.nc 1042714751
[INFO]:    ua_6hrLev_MIROC6_piControl_r1i1p1f1_gn_335811010600-335812010000.nc 1009227867
[INFO]:    ua_6hrLev_MIROC6_piControl_r1i1p1f1_gn_335812010600-335901010000.nc 1038074453
[INFO]:    ua_6hrLev_MIROC6_piControl_r1i1p1f1_gn_335901010600-335902010000.nc 1038507194
[INFO]:    ua_6hrLev_MIROC6_piControl_r1i1p1f1_gn_335902010600-335903010000.nc 940697303
[INFO]:    ua_6hrLev_MIROC6_piControl_r1i1p1f1_gn_335903010600-335904010000.nc 1043483894
[INFO]:    ua_6hrLev_MIROC6_piControl_r1i1p1f1_gn_335904010600-335905010000.nc 1008005209
[INFO]:    ua_6hrLev_MIROC6_piControl_r1i1p1f1_gn_335905010600-335906010000.nc 1038097112
[INFO]:    ua_6hrLev_MIROC6_piControl_r1i1p1f1_gn_335906010600-335907010000.nc 999197592
[INFO]:    ua_6hrLev_MIROC6_piControl_r1i1p1f1_gn_335907010600-335908010000.nc 1030766171
[INFO]:    ua_6hrLev_MIROC6_piControl_r1i1p1f1_gn_335908010600-335909010000.nc 1036344175
[INFO]:    ua_6hrLev_MIROC6_piControl_r1i1p1f1_gn_335909010600-335910010000.nc 1005490322
[INFO]:    ua_6hrLev_MIROC6_piControl_r1i1p1f1_gn_335910010600-335911010000.nc 1040125938
[INFO]:    ua_6hrLev_MIROC6_piControl_r1i1p1f1_gn_335911010600-335912010000.nc 1007765415
[INFO]:    ua_6hrLev_MIROC6_piControl_r1i1p1f1_gn_335912010600-336001010000.nc 1035623239
[INFO]:    ua_6hrLev_MIROC6_piControl_r1i1p1f1_gn_336001010600-336002010000.nc 1036029816
[INFO]:    ua_6hrLev_MIROC6_piControl_r1i1p1f1_gn_336002010600-336003010000.nc 976268931
[INFO]:    ua_6hrLev_MIROC6_piControl_r1i1p1f1_gn_336003010600-336004010000.nc 1044427339
[INFO]:    ua_6hrLev_MIROC6_piControl_r1i1p1f1_gn_336004010600-336005010000.nc 1007131424
[INFO]:    ua_6hrLev_MIROC6_piControl_r1i1p1f1_gn_336005010600-336006010000.nc 1038886241
[INFO]:    ua_6hrLev_MIROC6_piControl_r1i1p1f1_gn_336006010600-336007010000.nc 999642187
[INFO]:    ua_6hrLev_MIROC6_piControl_r1i1p1f1_gn_336007010600-336008010000.nc 1030916445
[INFO]:    ua_6hrLev_MIROC6_piControl_r1i1p1f1_gn_336008010600-336009010000.nc 1036504817
[INFO]:    ua_6hrLev_MIROC6_piControl_r1i1p1f1_gn_336009010600-336010010000.nc 1006641461
[INFO]:    ua_6hrLev_MIROC6_piControl_r1i1p1f1_gn_336010010600-336011010000.nc 1042031610
[INFO]:    ua_6hrLev_MIROC6_piControl_r1i1p1f1_gn_336011010600-336012010000.nc 1006331558
[INFO]:    ua_6hrLev_MIROC6_piControl_r1i1p1f1_gn_336012010600-336101010000.nc 1034648832
[INFO]:    ua_6hrLev_MIROC6_piControl_r1i1p1f1_gn_336101010600-336102010000.nc 1036328586
[INFO]:    ua_6hrLev_MIROC6_piControl_r1i1p1f1_gn_336102010600-336103010000.nc 942227904
[INFO]:    ua_6hrLev_MIROC6_piControl_r1i1p1f1_gn_336103010600-336104010000.nc 1040652346
[INFO]:    ua_6hrLev_MIROC6_piControl_r1i1p1f1_gn_336104010600-336105010000.nc 1006769307
[INFO]:    ua_6hrLev_MIROC6_piControl_r1i1p1f1_gn_336105010600-336106010000.nc 1038929665
[INFO]:    ua_6hrLev_MIROC6_piControl_r1i1p1f1_gn_336106010600-336107010000.nc 998871307
[INFO]:    ua_6hrLev_MIROC6_piControl_r1i1p1f1_gn_336107010600-336108010000.nc 1032104829
[INFO]:    ua_6hrLev_MIROC6_piControl_r1i1p1f1_gn_336108010600-336109010000.nc 1035692587
[INFO]:    ua_6hrLev_MIROC6_piControl_r1i1p1f1_gn_336109010600-336110010000.nc 1005464572
[INFO]:    ua_6hrLev_MIROC6_piControl_r1i1p1f1_gn_336110010600-336111010000.nc 1039244029
[INFO]:    ua_6hrLev_MIROC6_piControl_r1i1p1f1_gn_336111010600-336112010000.nc 1007976069
[INFO]:    ua_6hrLev_MIROC6_piControl_r1i1p1f1_gn_336112010600-336201010000.nc 1036025190
[INFO]:    ua_6hrLev_MIROC6_piControl_r1i1p1f1_gn_336201010600-336202010000.nc 1036915367
[INFO]:    ua_6hrLev_MIROC6_piControl_r1i1p1f1_gn_336202010600-336203010000.nc 941193333
[INFO]:    ua_6hrLev_MIROC6_piControl_r1i1p1f1_gn_336203010600-336204010000.nc 1040594965
[INFO]:    ua_6hrLev_MIROC6_piControl_r1i1p1f1_gn_336204010600-336205010000.nc 1008123202
[INFO]:    ua_6hrLev_MIROC6_piControl_r1i1p1f1_gn_336205010600-336206010000.nc 1038087317
[INFO]:    ua_6hrLev_MIROC6_piControl_r1i1p1f1_gn_336206010600-336207010000.nc 996325306
[INFO]:    ua_6hrLev_MIROC6_piControl_r1i1p1f1_gn_336207010600-336208010000.nc 1028146625
[INFO]:    ua_6hrLev_MIROC6_piControl_r1i1p1f1_gn_336208010600-336209010000.nc 1034247622
[INFO]:    ua_6hrLev_MIROC6_piControl_r1i1p1f1_gn_336209010600-336210010000.nc 1005164682
[INFO]:    ua_6hrLev_MIROC6_piControl_r1i1p1f1_gn_336210010600-336211010000.nc 1038505544
[INFO]:    ua_6hrLev_MIROC6_piControl_r1i1p1f1_gn_336211010600-336212010000.nc 1006894371
[INFO]:    ua_6hrLev_MIROC6_piControl_r1i1p1f1_gn_336212010600-336301010000.nc 1035669104
[INFO]:    ua_6hrLev_MIROC6_piControl_r1i1p1f1_gn_336301010600-336302010000.nc 1036370124
[INFO]:    ua_6hrLev_MIROC6_piControl_r1i1p1f1_gn_336302010600-336303010000.nc 942457117
[INFO]:    ua_6hrLev_MIROC6_piControl_r1i1p1f1_gn_336303010600-336304010000.nc 1042518398
[INFO]:    ua_6hrLev_MIROC6_piControl_r1i1p1f1_gn_336304010600-336305010000.nc 1008753156
[INFO]:    ua_6hrLev_MIROC6_piControl_r1i1p1f1_gn_336305010600-336306010000.nc 1038947441
[INFO]:    ua_6hrLev_MIROC6_piControl_r1i1p1f1_gn_336306010600-336307010000.nc 999487049
[INFO]:    ua_6hrLev_MIROC6_piControl_r1i1p1f1_gn_336307010600-336308010000.nc 1030195518
[INFO]:    ua_6hrLev_MIROC6_piControl_r1i1p1f1_gn_336308010600-336309010000.nc 1037660861
[INFO]:    ua_6hrLev_MIROC6_piControl_r1i1p1f1_gn_336309010600-336310010000.nc 1006078391
[INFO]:    ua_6hrLev_MIROC6_piControl_r1i1p1f1_gn_336310010600-336311010000.nc 1040367245
[INFO]:    ua_6hrLev_MIROC6_piControl_r1i1p1f1_gn_336311010600-336312010000.nc 1008252700
[INFO]:    ua_6hrLev_MIROC6_piControl_r1i1p1f1_gn_336312010600-336401010000.nc 1036650646
[INFO]:    ua_6hrLev_MIROC6_piControl_r1i1p1f1_gn_336401010600-336402010000.nc 1037327415
[INFO]:    ua_6hrLev_MIROC6_piControl_r1i1p1f1_gn_336402010600-336403010000.nc 974075231
[INFO]:    ua_6hrLev_MIROC6_piControl_r1i1p1f1_gn_336403010600-336404010000.nc 1043417017
[INFO]:    ua_6hrLev_MIROC6_piControl_r1i1p1f1_gn_336404010600-336405010000.nc 1008638315
[INFO]:    ua_6hrLev_MIROC6_piControl_r1i1p1f1_gn_336405010600-336406010000.nc 1039411531
[INFO]:    ua_6hrLev_MIROC6_piControl_r1i1p1f1_gn_336406010600-336407010000.nc 999449410
[INFO]:    ua_6hrLev_MIROC6_piControl_r1i1p1f1_gn_336407010600-336408010000.nc 1032143146
[INFO]:    ua_6hrLev_MIROC6_piControl_r1i1p1f1_gn_336408010600-336409010000.nc 1036263391
[INFO]:    ua_6hrLev_MIROC6_piControl_r1i1p1f1_gn_336409010600-336410010000.nc 1003397545
[INFO]:    ua_6hrLev_MIROC6_piControl_r1i1p1f1_gn_336410010600-336411010000.nc 1040150972
[INFO]:    ua_6hrLev_MIROC6_piControl_r1i1p1f1_gn_336411010600-336412010000.nc 1006538177
[INFO]:    ua_6hrLev_MIROC6_piControl_r1i1p1f1_gn_336412010600-336501010000.nc 1034406897
[INFO]:    ua_6hrLev_MIROC6_piControl_r1i1p1f1_gn_336501010600-336502010000.nc 1035394234
[INFO]:    ua_6hrLev_MIROC6_piControl_r1i1p1f1_gn_336502010600-336503010000.nc 940733891
[INFO]:    ua_6hrLev_MIROC6_piControl_r1i1p1f1_gn_336503010600-336504010000.nc 1041965865
[INFO]:    ua_6hrLev_MIROC6_piControl_r1i1p1f1_gn_336504010600-336505010000.nc 1009920900
[INFO]:    ua_6hrLev_MIROC6_piControl_r1i1p1f1_gn_336505010600-336506010000.nc 1039124061
[INFO]:    ua_6hrLev_MIROC6_piControl_r1i1p1f1_gn_336506010600-336507010000.nc 997048385
[INFO]:    ua_6hrLev_MIROC6_piControl_r1i1p1f1_gn_336507010600-336508010000.nc 1030382582
[INFO]:    ua_6hrLev_MIROC6_piControl_r1i1p1f1_gn_336508010600-336509010000.nc 1037755283
[INFO]:    ua_6hrLev_MIROC6_piControl_r1i1p1f1_gn_336509010600-336510010000.nc 1005417039
[INFO]:    ua_6hrLev_MIROC6_piControl_r1i1p1f1_gn_336510010600-336511010000.nc 1040473827
[INFO]:    ua_6hrLev_MIROC6_piControl_r1i1p1f1_gn_336511010600-336512010000.nc 1007793586
[INFO]:    ua_6hrLev_MIROC6_piControl_r1i1p1f1_gn_336512010600-336601010000.nc 1034455690
[INFO]:    ua_6hrLev_MIROC6_piControl_r1i1p1f1_gn_336601010600-336602010000.nc 1035544758
[INFO]:    ua_6hrLev_MIROC6_piControl_r1i1p1f1_gn_336602010600-336603010000.nc 942507750
[INFO]:    ua_6hrLev_MIROC6_piControl_r1i1p1f1_gn_336603010600-336604010000.nc 1042378780
[INFO]:    ua_6hrLev_MIROC6_piControl_r1i1p1f1_gn_336604010600-336605010000.nc 1006516366
[INFO]:    ua_6hrLev_MIROC6_piControl_r1i1p1f1_gn_336605010600-336606010000.nc 1036034752
[INFO]:    ua_6hrLev_MIROC6_piControl_r1i1p1f1_gn_336606010600-336607010000.nc 995504576
[INFO]:    ua_6hrLev_MIROC6_piControl_r1i1p1f1_gn_336607010600-336608010000.nc 1028516516
[INFO]:    ua_6hrLev_MIROC6_piControl_r1i1p1f1_gn_336608010600-336609010000.nc 1033652915
[INFO]:    ua_6hrLev_MIROC6_piControl_r1i1p1f1_gn_336609010600-336610010000.nc 1004304429
[INFO]:    ua_6hrLev_MIROC6_piControl_r1i1p1f1_gn_336610010600-336611010000.nc 1040824235
[INFO]:    ua_6hrLev_MIROC6_piControl_r1i1p1f1_gn_336611010600-336612010000.nc 1007708168
[INFO]:    ua_6hrLev_MIROC6_piControl_r1i1p1f1_gn_336612010600-336701010000.nc 1035470143
[INFO]:    ua_6hrLev_MIROC6_piControl_r1i1p1f1_gn_336701010600-336702010000.nc 1036982813
[INFO]:    ua_6hrLev_MIROC6_piControl_r1i1p1f1_gn_336702010600-336703010000.nc 941783819
[INFO]:    ua_6hrLev_MIROC6_piControl_r1i1p1f1_gn_336703010600-336704010000.nc 1041055942
[INFO]:    ua_6hrLev_MIROC6_piControl_r1i1p1f1_gn_336704010600-336705010000.nc 1005084959
[INFO]:    ua_6hrLev_MIROC6_piControl_r1i1p1f1_gn_336705010600-336706010000.nc 1038911861
[INFO]:    ua_6hrLev_MIROC6_piControl_r1i1p1f1_gn_336706010600-336707010000.nc 997463571
[INFO]:    ua_6hrLev_MIROC6_piControl_r1i1p1f1_gn_336707010600-336708010000.nc 1030095860
[INFO]:    ua_6hrLev_MIROC6_piControl_r1i1p1f1_gn_336708010600-336709010000.nc 1035208269
[INFO]:    ua_6hrLev_MIROC6_piControl_r1i1p1f1_gn_336709010600-336710010000.nc 1006160969
[INFO]:    ua_6hrLev_MIROC6_piControl_r1i1p1f1_gn_336710010600-336711010000.nc 1040781312
[INFO]:    ua_6hrLev_MIROC6_piControl_r1i1p1f1_gn_336711010600-336712010000.nc 1008678185
[INFO]:    ua_6hrLev_MIROC6_piControl_r1i1p1f1_gn_336712010600-336801010000.nc 1034104023
[INFO]:    ua_6hrLev_MIROC6_piControl_r1i1p1f1_gn_336801010600-336802010000.nc 1034446070
[INFO]:    ua_6hrLev_MIROC6_piControl_r1i1p1f1_gn_336802010600-336803010000.nc 975681383
[INFO]:    ua_6hrLev_MIROC6_piControl_r1i1p1f1_gn_336803010600-336804010000.nc 1041958613
[INFO]:    ua_6hrLev_MIROC6_piControl_r1i1p1f1_gn_336804010600-336805010000.nc 1007515627
[INFO]:    ua_6hrLev_MIROC6_piControl_r1i1p1f1_gn_336805010600-336806010000.nc 1037483260
[INFO]:    ua_6hrLev_MIROC6_piControl_r1i1p1f1_gn_336806010600-336807010000.nc 996287848
[INFO]:    ua_6hrLev_MIROC6_piControl_r1i1p1f1_gn_336807010600-336808010000.nc 1029726238
[INFO]:    ua_6hrLev_MIROC6_piControl_r1i1p1f1_gn_336808010600-336809010000.nc 1034285702
[INFO]:    ua_6hrLev_MIROC6_piControl_r1i1p1f1_gn_336809010600-336810010000.nc 1004121808
[INFO]:    ua_6hrLev_MIROC6_piControl_r1i1p1f1_gn_336810010600-336811010000.nc 1041005494
[INFO]:    ua_6hrLev_MIROC6_piControl_r1i1p1f1_gn_336811010600-336812010000.nc 1007495906
[INFO]:    ua_6hrLev_MIROC6_piControl_r1i1p1f1_gn_336812010600-336901010000.nc 1034816925
[INFO]:    ua_6hrLev_MIROC6_piControl_r1i1p1f1_gn_336901010600-336902010000.nc 1038163260
[INFO]:    ua_6hrLev_MIROC6_piControl_r1i1p1f1_gn_336902010600-336903010000.nc 942834940
[INFO]:    ua_6hrLev_MIROC6_piControl_r1i1p1f1_gn_336903010600-336904010000.nc 1040978478
[INFO]:    ua_6hrLev_MIROC6_piControl_r1i1p1f1_gn_336904010600-336905010000.nc 1007834771
[INFO]:    ua_6hrLev_MIROC6_piControl_r1i1p1f1_gn_336905010600-336906010000.nc 1039410525
[INFO]:    ua_6hrLev_MIROC6_piControl_r1i1p1f1_gn_336906010600-336907010000.nc 999315077
[INFO]:    ua_6hrLev_MIROC6_piControl_r1i1p1f1_gn_336907010600-336908010000.nc 1030998495
[INFO]:    ua_6hrLev_MIROC6_piControl_r1i1p1f1_gn_336908010600-336909010000.nc 1037574331
[INFO]:    ua_6hrLev_MIROC6_piControl_r1i1p1f1_gn_336909010600-336910010000.nc 1006983660
[INFO]:    ua_6hrLev_MIROC6_piControl_r1i1p1f1_gn_336910010600-336911010000.nc 1039307696
[INFO]:    ua_6hrLev_MIROC6_piControl_r1i1p1f1_gn_336911010600-336912010000.nc 1007267256
[INFO]:    ua_6hrLev_MIROC6_piControl_r1i1p1f1_gn_336912010600-337001010000.nc 1036867155
[INFO]:    ua_6hrLev_MIROC6_piControl_r1i1p1f1_gn_337001010600-337002010000.nc 1035799655
[INFO]:    ua_6hrLev_MIROC6_piControl_r1i1p1f1_gn_337002010600-337003010000.nc 941834645
[INFO]:    ua_6hrLev_MIROC6_piControl_r1i1p1f1_gn_337003010600-337004010000.nc 1042877113
[INFO]:    ua_6hrLev_MIROC6_piControl_r1i1p1f1_gn_337004010600-337005010000.nc 1007583072
[INFO]:    ua_6hrLev_MIROC6_piControl_r1i1p1f1_gn_337005010600-337006010000.nc 1036618866
[INFO]:    ua_6hrLev_MIROC6_piControl_r1i1p1f1_gn_337006010600-337007010000.nc 997795245
[INFO]:    ua_6hrLev_MIROC6_piControl_r1i1p1f1_gn_337007010600-337008010000.nc 1030108254
[INFO]:    ua_6hrLev_MIROC6_piControl_r1i1p1f1_gn_337008010600-337009010000.nc 1035175920
[INFO]:    ua_6hrLev_MIROC6_piControl_r1i1p1f1_gn_337009010600-337010010000.nc 1005143015
[INFO]:    ua_6hrLev_MIROC6_piControl_r1i1p1f1_gn_337010010600-337011010000.nc 1040416408
[INFO]:    ua_6hrLev_MIROC6_piControl_r1i1p1f1_gn_337011010600-337012010000.nc 1005937500
[INFO]:    ua_6hrLev_MIROC6_piControl_r1i1p1f1_gn_337012010600-337101010000.nc 1034698978
[INFO]:    ua_6hrLev_MIROC6_piControl_r1i1p1f1_gn_337101010600-337102010000.nc 1035498484
[INFO]:    ua_6hrLev_MIROC6_piControl_r1i1p1f1_gn_337102010600-337103010000.nc 942239348
[INFO]:    ua_6hrLev_MIROC6_piControl_r1i1p1f1_gn_337103010600-337104010000.nc 1042597785
[INFO]:    ua_6hrLev_MIROC6_piControl_r1i1p1f1_gn_337104010600-337105010000.nc 1008685244
[INFO]:    ua_6hrLev_MIROC6_piControl_r1i1p1f1_gn_337105010600-337106010000.nc 1041152305
[INFO]:    ua_6hrLev_MIROC6_piControl_r1i1p1f1_gn_337106010600-337107010000.nc 997934704
[INFO]:    ua_6hrLev_MIROC6_piControl_r1i1p1f1_gn_337107010600-337108010000.nc 1030159426
[INFO]:    ua_6hrLev_MIROC6_piControl_r1i1p1f1_gn_337108010600-337109010000.nc 1035308514
[INFO]:    ua_6hrLev_MIROC6_piControl_r1i1p1f1_gn_337109010600-337110010000.nc 1005098316
[INFO]:    ua_6hrLev_MIROC6_piControl_r1i1p1f1_gn_337110010600-337111010000.nc 1040158646
[INFO]:    ua_6hrLev_MIROC6_piControl_r1i1p1f1_gn_337111010600-337112010000.nc 1007188874
[INFO]:    ua_6hrLev_MIROC6_piControl_r1i1p1f1_gn_337112010600-337201010000.nc 1036905156
[INFO]:    ua_6hrLev_MIROC6_piControl_r1i1p1f1_gn_337201010600-337202010000.nc 1035958277
[INFO]:    ua_6hrLev_MIROC6_piControl_r1i1p1f1_gn_337202010600-337203010000.nc 975181028
[INFO]:    ua_6hrLev_MIROC6_piControl_r1i1p1f1_gn_337203010600-337204010000.nc 1042260808
[INFO]:    ua_6hrLev_MIROC6_piControl_r1i1p1f1_gn_337204010600-337205010000.nc 1007114565
[INFO]:    ua_6hrLev_MIROC6_piControl_r1i1p1f1_gn_337205010600-337206010000.nc 1038601391
[INFO]:    ua_6hrLev_MIROC6_piControl_r1i1p1f1_gn_337206010600-337207010000.nc 999202726
[INFO]:    ua_6hrLev_MIROC6_piControl_r1i1p1f1_gn_337207010600-337208010000.nc 1031972262
[INFO]:    ua_6hrLev_MIROC6_piControl_r1i1p1f1_gn_337208010600-337209010000.nc 1036636160
[INFO]:    ua_6hrLev_MIROC6_piControl_r1i1p1f1_gn_337209010600-337210010000.nc 1004584335
[INFO]:    ua_6hrLev_MIROC6_piControl_r1i1p1f1_gn_337210010600-337211010000.nc 1039132597
[INFO]:    ua_6hrLev_MIROC6_piControl_r1i1p1f1_gn_337211010600-337212010000.nc 1007716283
[INFO]:    ua_6hrLev_MIROC6_piControl_r1i1p1f1_gn_337212010600-337301010000.nc 1036558694
[INFO]:    ua_6hrLev_MIROC6_piControl_r1i1p1f1_gn_337301010600-337302010000.nc 1038055934
[INFO]:    ua_6hrLev_MIROC6_piControl_r1i1p1f1_gn_337302010600-337303010000.nc 943334688
[INFO]:    ua_6hrLev_MIROC6_piControl_r1i1p1f1_gn_337303010600-337304010000.nc 1043626172
[INFO]:    ua_6hrLev_MIROC6_piControl_r1i1p1f1_gn_337304010600-337305010000.nc 1006793498
[INFO]:    ua_6hrLev_MIROC6_piControl_r1i1p1f1_gn_337305010600-337306010000.nc 1039118035
[INFO]:    ua_6hrLev_MIROC6_piControl_r1i1p1f1_gn_337306010600-337307010000.nc 998437856
[INFO]:    ua_6hrLev_MIROC6_piControl_r1i1p1f1_gn_337307010600-337308010000.nc 1031190804
[INFO]:    ua_6hrLev_MIROC6_piControl_r1i1p1f1_gn_337308010600-337309010000.nc 1038080097
[INFO]:    ua_6hrLev_MIROC6_piControl_r1i1p1f1_gn_337309010600-337310010000.nc 1009421100
[INFO]:    ua_6hrLev_MIROC6_piControl_r1i1p1f1_gn_337310010600-337311010000.nc 1039832862
[INFO]:    ua_6hrLev_MIROC6_piControl_r1i1p1f1_gn_337311010600-337312010000.nc 1006834704
[INFO]:    ua_6hrLev_MIROC6_piControl_r1i1p1f1_gn_337312010600-337401010000.nc 1035404791
[INFO]:    ua_6hrLev_MIROC6_piControl_r1i1p1f1_gn_337401010600-337402010000.nc 1037046824
[INFO]:    ua_6hrLev_MIROC6_piControl_r1i1p1f1_gn_337402010600-337403010000.nc 942640522
[INFO]:    ua_6hrLev_MIROC6_piControl_r1i1p1f1_gn_337403010600-337404010000.nc 1043214322
[INFO]:    ua_6hrLev_MIROC6_piControl_r1i1p1f1_gn_337404010600-337405010000.nc 1007316624
[INFO]:    ua_6hrLev_MIROC6_piControl_r1i1p1f1_gn_337405010600-337406010000.nc 1037645962
[INFO]:    ua_6hrLev_MIROC6_piControl_r1i1p1f1_gn_337406010600-337407010000.nc 998181946
[INFO]:    ua_6hrLev_MIROC6_piControl_r1i1p1f1_gn_337407010600-337408010000.nc 1029457026
[INFO]:    ua_6hrLev_MIROC6_piControl_r1i1p1f1_gn_337408010600-337409010000.nc 1036386546
[INFO]:    ua_6hrLev_MIROC6_piControl_r1i1p1f1_gn_337409010600-337410010000.nc 1005974308
[INFO]:    ua_6hrLev_MIROC6_piControl_r1i1p1f1_gn_337410010600-337411010000.nc 1040146646
[INFO]:    ua_6hrLev_MIROC6_piControl_r1i1p1f1_gn_337411010600-337412010000.nc 1006852554
[INFO]:    ua_6hrLev_MIROC6_piControl_r1i1p1f1_gn_337412010600-337501010000.nc 1035747975
[INFO]:    ua_6hrLev_MIROC6_piControl_r1i1p1f1_gn_337501010600-337502010000.nc 1035722933
[INFO]:    ua_6hrLev_MIROC6_piControl_r1i1p1f1_gn_337502010600-337503010000.nc 941959156
[INFO]:    ua_6hrLev_MIROC6_piControl_r1i1p1f1_gn_337503010600-337504010000.nc 1043277372
[INFO]:    ua_6hrLev_MIROC6_piControl_r1i1p1f1_gn_337504010600-337505010000.nc 1008975835
[INFO]:    ua_6hrLev_MIROC6_piControl_r1i1p1f1_gn_337505010600-337506010000.nc 1039669554
[INFO]:    ua_6hrLev_MIROC6_piControl_r1i1p1f1_gn_337506010600-337507010000.nc 996989639
[INFO]:    ua_6hrLev_MIROC6_piControl_r1i1p1f1_gn_337507010600-337508010000.nc 1029297225
[INFO]:    ua_6hrLev_MIROC6_piControl_r1i1p1f1_gn_337508010600-337509010000.nc 1034921740
[INFO]:    ua_6hrLev_MIROC6_piControl_r1i1p1f1_gn_337509010600-337510010000.nc 1007236012
[INFO]:    ua_6hrLev_MIROC6_piControl_r1i1p1f1_gn_337510010600-337511010000.nc 1041465454
[INFO]:    ua_6hrLev_MIROC6_piControl_r1i1p1f1_gn_337511010600-337512010000.nc 1008831800
[INFO]:    ua_6hrLev_MIROC6_piControl_r1i1p1f1_gn_337512010600-337601010000.nc 1035945870
[INFO]:    ua_6hrLev_MIROC6_piControl_r1i1p1f1_gn_337601010600-337602010000.nc 1036876535
[INFO]:    ua_6hrLev_MIROC6_piControl_r1i1p1f1_gn_337602010600-337603010000.nc 975859037
[INFO]:    ua_6hrLev_MIROC6_piControl_r1i1p1f1_gn_337603010600-337604010000.nc 1043056829
[INFO]:    ua_6hrLev_MIROC6_piControl_r1i1p1f1_gn_337604010600-337605010000.nc 1007133074
[INFO]:    ua_6hrLev_MIROC6_piControl_r1i1p1f1_gn_337605010600-337606010000.nc 1036860104
[INFO]:    ua_6hrLev_MIROC6_piControl_r1i1p1f1_gn_337606010600-337607010000.nc 997363066
[INFO]:    ua_6hrLev_MIROC6_piControl_r1i1p1f1_gn_337607010600-337608010000.nc 1030018460
[INFO]:    ua_6hrLev_MIROC6_piControl_r1i1p1f1_gn_337608010600-337609010000.nc 1036257619
[INFO]:    ua_6hrLev_MIROC6_piControl_r1i1p1f1_gn_337609010600-337610010000.nc 1007567921
[INFO]:    ua_6hrLev_MIROC6_piControl_r1i1p1f1_gn_337610010600-337611010000.nc 1041125649
[INFO]:    ua_6hrLev_MIROC6_piControl_r1i1p1f1_gn_337611010600-337612010000.nc 1007295366
[INFO]:    ua_6hrLev_MIROC6_piControl_r1i1p1f1_gn_337612010600-337701010000.nc 1034689228
[INFO]:    ua_6hrLev_MIROC6_piControl_r1i1p1f1_gn_337701010600-337702010000.nc 1035797687
[INFO]:    ua_6hrLev_MIROC6_piControl_r1i1p1f1_gn_337702010600-337703010000.nc 942730201
[INFO]:    ua_6hrLev_MIROC6_piControl_r1i1p1f1_gn_337703010600-337704010000.nc 1042190927
[INFO]:    ua_6hrLev_MIROC6_piControl_r1i1p1f1_gn_337704010600-337705010000.nc 1008904609
[INFO]:    ua_6hrLev_MIROC6_piControl_r1i1p1f1_gn_337705010600-337706010000.nc 1038862879
[INFO]:    ua_6hrLev_MIROC6_piControl_r1i1p1f1_gn_337706010600-337707010000.nc 998357366
[INFO]:    ua_6hrLev_MIROC6_piControl_r1i1p1f1_gn_337707010600-337708010000.nc 1030721484
[INFO]:    ua_6hrLev_MIROC6_piControl_r1i1p1f1_gn_337708010600-337709010000.nc 1035259047
[INFO]:    ua_6hrLev_MIROC6_piControl_r1i1p1f1_gn_337709010600-337710010000.nc 1003872089
[INFO]:    ua_6hrLev_MIROC6_piControl_r1i1p1f1_gn_337710010600-337711010000.nc 1038860330
[INFO]:    ua_6hrLev_MIROC6_piControl_r1i1p1f1_gn_337711010600-337712010000.nc 1007560179
[INFO]:    ua_6hrLev_MIROC6_piControl_r1i1p1f1_gn_337712010600-337801010000.nc 1035962465
[INFO]:    ua_6hrLev_MIROC6_piControl_r1i1p1f1_gn_337801010600-337802010000.nc 1035253481
[INFO]:    ua_6hrLev_MIROC6_piControl_r1i1p1f1_gn_337802010600-337803010000.nc 940585532
[INFO]:    ua_6hrLev_MIROC6_piControl_r1i1p1f1_gn_337803010600-337804010000.nc 1042484348
[INFO]:    ua_6hrLev_MIROC6_piControl_r1i1p1f1_gn_337804010600-337805010000.nc 1007064982
[INFO]:    ua_6hrLev_MIROC6_piControl_r1i1p1f1_gn_337805010600-337806010000.nc 1037846974
[INFO]:    ua_6hrLev_MIROC6_piControl_r1i1p1f1_gn_337806010600-337807010000.nc 996766869
[INFO]:    ua_6hrLev_MIROC6_piControl_r1i1p1f1_gn_337807010600-337808010000.nc 1030480354
[INFO]:    ua_6hrLev_MIROC6_piControl_r1i1p1f1_gn_337808010600-337809010000.nc 1036549700
[INFO]:    ua_6hrLev_MIROC6_piControl_r1i1p1f1_gn_337809010600-337810010000.nc 1005500355
[INFO]:    ua_6hrLev_MIROC6_piControl_r1i1p1f1_gn_337810010600-337811010000.nc 1040320010
[INFO]:    ua_6hrLev_MIROC6_piControl_r1i1p1f1_gn_337811010600-337812010000.nc 1007261299
[INFO]:    ua_6hrLev_MIROC6_piControl_r1i1p1f1_gn_337812010600-337901010000.nc 1035970190
[INFO]:    ua_6hrLev_MIROC6_piControl_r1i1p1f1_gn_337901010600-337902010000.nc 1035000666
[INFO]:    ua_6hrLev_MIROC6_piControl_r1i1p1f1_gn_337902010600-337903010000.nc 941819073
[INFO]:    ua_6hrLev_MIROC6_piControl_r1i1p1f1_gn_337903010600-337904010000.nc 1041943013
[INFO]:    ua_6hrLev_MIROC6_piControl_r1i1p1f1_gn_337904010600-337905010000.nc 1007225077
[INFO]:    ua_6hrLev_MIROC6_piControl_r1i1p1f1_gn_337905010600-337906010000.nc 1039069163
[INFO]:    ua_6hrLev_MIROC6_piControl_r1i1p1f1_gn_337906010600-337907010000.nc 999053366
[INFO]:    ua_6hrLev_MIROC6_piControl_r1i1p1f1_gn_337907010600-337908010000.nc 1030662783
[INFO]:    ua_6hrLev_MIROC6_piControl_r1i1p1f1_gn_337908010600-337909010000.nc 1034756803
[INFO]:    ua_6hrLev_MIROC6_piControl_r1i1p1f1_gn_337909010600-337910010000.nc 1006345125
[INFO]:    ua_6hrLev_MIROC6_piControl_r1i1p1f1_gn_337910010600-337911010000.nc 1040602132
[INFO]:    ua_6hrLev_MIROC6_piControl_r1i1p1f1_gn_337911010600-337912010000.nc 1007864097
[INFO]:    ua_6hrLev_MIROC6_piControl_r1i1p1f1_gn_337912010600-338001010000.nc 1036820886
[INFO]:Writing to cmip6-test/CMIP6_CMIP_MIROC_MIROC6_piControl_r1i1p1f1_6hrLev_ua_gn_v20191114
