cpu-bind=MASK - host139, task  0  0 [26496]: mask 0x4 set
[INFO]:Scanning /badc/cmip6/data/CMIP6/CMIP/SNU/SAM0-UNICON/piControl/r1i1p1f1/Oday/tos/gn/v20190910/
[INFO]:Number of files 700
[INFO]:    tos_Oday_SAM0-UNICON_piControl_r1i1p1f1_gn_00010102-00011231.nc 111688415
[INFO]:    tos_Oday_SAM0-UNICON_piControl_r1i1p1f1_gn_00020101-00021231.nc 112143175
[INFO]:    tos_Oday_SAM0-UNICON_piControl_r1i1p1f1_gn_00030101-00031231.nc 112065059
[INFO]:    tos_Oday_SAM0-UNICON_piControl_r1i1p1f1_gn_00040101-00041231.nc 112066936
[INFO]:    tos_Oday_SAM0-UNICON_piControl_r1i1p1f1_gn_00050101-00051231.nc 112071284
[INFO]:    tos_Oday_SAM0-UNICON_piControl_r1i1p1f1_gn_00060101-00061231.nc 111990964
[INFO]:    tos_Oday_SAM0-UNICON_piControl_r1i1p1f1_gn_00070101-00071231.nc 111846600
[INFO]:    tos_Oday_SAM0-UNICON_piControl_r1i1p1f1_gn_00080101-00081231.nc 111937952
[INFO]:    tos_Oday_SAM0-UNICON_piControl_r1i1p1f1_gn_00090101-00091231.nc 111995995
[INFO]:    tos_Oday_SAM0-UNICON_piControl_r1i1p1f1_gn_00100101-00101231.nc 111863028
[INFO]:    tos_Oday_SAM0-UNICON_piControl_r1i1p1f1_gn_00110101-00111231.nc 112002678
[INFO]:    tos_Oday_SAM0-UNICON_piControl_r1i1p1f1_gn_00120101-00121231.nc 111945199
[INFO]:    tos_Oday_SAM0-UNICON_piControl_r1i1p1f1_gn_00130101-00131231.nc 112059551
[INFO]:    tos_Oday_SAM0-UNICON_piControl_r1i1p1f1_gn_00140101-00141231.nc 111850740
[INFO]:    tos_Oday_SAM0-UNICON_piControl_r1i1p1f1_gn_00150101-00151231.nc 111837757
[INFO]:    tos_Oday_SAM0-UNICON_piControl_r1i1p1f1_gn_00160101-00161231.nc 111910189
[INFO]:    tos_Oday_SAM0-UNICON_piControl_r1i1p1f1_gn_00170101-00171231.nc 112039704
[INFO]:    tos_Oday_SAM0-UNICON_piControl_r1i1p1f1_gn_00180101-00181231.nc 111945846
[INFO]:    tos_Oday_SAM0-UNICON_piControl_r1i1p1f1_gn_00190101-00191231.nc 111939621
[INFO]:    tos_Oday_SAM0-UNICON_piControl_r1i1p1f1_gn_00200101-00201231.nc 112031288
[INFO]:    tos_Oday_SAM0-UNICON_piControl_r1i1p1f1_gn_00210101-00211231.nc 111933430
[INFO]:    tos_Oday_SAM0-UNICON_piControl_r1i1p1f1_gn_00220101-00221231.nc 111965647
[INFO]:    tos_Oday_SAM0-UNICON_piControl_r1i1p1f1_gn_00230101-00231231.nc 112050962
[INFO]:    tos_Oday_SAM0-UNICON_piControl_r1i1p1f1_gn_00240101-00241231.nc 112013681
[INFO]:    tos_Oday_SAM0-UNICON_piControl_r1i1p1f1_gn_00250101-00251231.nc 111950583
[INFO]:    tos_Oday_SAM0-UNICON_piControl_r1i1p1f1_gn_00260101-00261231.nc 112115201
[INFO]:    tos_Oday_SAM0-UNICON_piControl_r1i1p1f1_gn_00270101-00271231.nc 112069524
[INFO]:    tos_Oday_SAM0-UNICON_piControl_r1i1p1f1_gn_00280101-00281231.nc 112001913
[INFO]:    tos_Oday_SAM0-UNICON_piControl_r1i1p1f1_gn_00290101-00291231.nc 112070565
[INFO]:    tos_Oday_SAM0-UNICON_piControl_r1i1p1f1_gn_00300101-00301231.nc 112162602
[INFO]:    tos_Oday_SAM0-UNICON_piControl_r1i1p1f1_gn_00310101-00311231.nc 112068181
[INFO]:    tos_Oday_SAM0-UNICON_piControl_r1i1p1f1_gn_00320101-00321231.nc 111996073
[INFO]:    tos_Oday_SAM0-UNICON_piControl_r1i1p1f1_gn_00330101-00331231.nc 111881037
[INFO]:    tos_Oday_SAM0-UNICON_piControl_r1i1p1f1_gn_00340101-00341231.nc 111943345
[INFO]:    tos_Oday_SAM0-UNICON_piControl_r1i1p1f1_gn_00350101-00351231.nc 112068928
[INFO]:    tos_Oday_SAM0-UNICON_piControl_r1i1p1f1_gn_00360101-00361231.nc 112030788
[INFO]:    tos_Oday_SAM0-UNICON_piControl_r1i1p1f1_gn_00370101-00371231.nc 111956357
[INFO]:    tos_Oday_SAM0-UNICON_piControl_r1i1p1f1_gn_00380101-00381231.nc 112057951
[INFO]:    tos_Oday_SAM0-UNICON_piControl_r1i1p1f1_gn_00390101-00391231.nc 112100197
[INFO]:    tos_Oday_SAM0-UNICON_piControl_r1i1p1f1_gn_00400101-00401231.nc 112067088
[INFO]:    tos_Oday_SAM0-UNICON_piControl_r1i1p1f1_gn_00410101-00411231.nc 111967296
[INFO]:    tos_Oday_SAM0-UNICON_piControl_r1i1p1f1_gn_00420101-00421231.nc 112058571
[INFO]:    tos_Oday_SAM0-UNICON_piControl_r1i1p1f1_gn_00430101-00431231.nc 112058542
[INFO]:    tos_Oday_SAM0-UNICON_piControl_r1i1p1f1_gn_00440101-00441231.nc 112071957
[INFO]:    tos_Oday_SAM0-UNICON_piControl_r1i1p1f1_gn_00450101-00451231.nc 112219264
[INFO]:    tos_Oday_SAM0-UNICON_piControl_r1i1p1f1_gn_00460101-00461231.nc 112050191
[INFO]:    tos_Oday_SAM0-UNICON_piControl_r1i1p1f1_gn_00470101-00471231.nc 112104085
[INFO]:    tos_Oday_SAM0-UNICON_piControl_r1i1p1f1_gn_00480101-00481231.nc 111970558
[INFO]:    tos_Oday_SAM0-UNICON_piControl_r1i1p1f1_gn_00490101-00491231.nc 112013454
[INFO]:    tos_Oday_SAM0-UNICON_piControl_r1i1p1f1_gn_00500101-00501231.nc 111985950
[INFO]:    tos_Oday_SAM0-UNICON_piControl_r1i1p1f1_gn_00510101-00511231.nc 111956333
[INFO]:    tos_Oday_SAM0-UNICON_piControl_r1i1p1f1_gn_00520101-00521231.nc 112087096
[INFO]:    tos_Oday_SAM0-UNICON_piControl_r1i1p1f1_gn_00530101-00531231.nc 112045754
[INFO]:    tos_Oday_SAM0-UNICON_piControl_r1i1p1f1_gn_00540101-00541231.nc 112067024
[INFO]:    tos_Oday_SAM0-UNICON_piControl_r1i1p1f1_gn_00550101-00551231.nc 112085515
[INFO]:    tos_Oday_SAM0-UNICON_piControl_r1i1p1f1_gn_00560101-00561231.nc 112063423
[INFO]:    tos_Oday_SAM0-UNICON_piControl_r1i1p1f1_gn_00570101-00571231.nc 112123448
[INFO]:    tos_Oday_SAM0-UNICON_piControl_r1i1p1f1_gn_00580101-00581231.nc 112193179
[INFO]:    tos_Oday_SAM0-UNICON_piControl_r1i1p1f1_gn_00590101-00591231.nc 112141008
[INFO]:    tos_Oday_SAM0-UNICON_piControl_r1i1p1f1_gn_00600101-00601231.nc 112004533
[INFO]:    tos_Oday_SAM0-UNICON_piControl_r1i1p1f1_gn_00610101-00611231.nc 111988848
[INFO]:    tos_Oday_SAM0-UNICON_piControl_r1i1p1f1_gn_00620101-00621231.nc 111863256
[INFO]:    tos_Oday_SAM0-UNICON_piControl_r1i1p1f1_gn_00630101-00631231.nc 112011749
[INFO]:    tos_Oday_SAM0-UNICON_piControl_r1i1p1f1_gn_00640101-00641231.nc 112169614
[INFO]:    tos_Oday_SAM0-UNICON_piControl_r1i1p1f1_gn_00650101-00651231.nc 112094123
[INFO]:    tos_Oday_SAM0-UNICON_piControl_r1i1p1f1_gn_00660101-00661231.nc 111918617
[INFO]:    tos_Oday_SAM0-UNICON_piControl_r1i1p1f1_gn_00670101-00671231.nc 111892314
[INFO]:    tos_Oday_SAM0-UNICON_piControl_r1i1p1f1_gn_00680101-00681231.nc 112010292
[INFO]:    tos_Oday_SAM0-UNICON_piControl_r1i1p1f1_gn_00690101-00691231.nc 112084149
[INFO]:    tos_Oday_SAM0-UNICON_piControl_r1i1p1f1_gn_00700101-00701231.nc 111922800
[INFO]:    tos_Oday_SAM0-UNICON_piControl_r1i1p1f1_gn_00710101-00711231.nc 112007381
[INFO]:    tos_Oday_SAM0-UNICON_piControl_r1i1p1f1_gn_00720101-00721231.nc 112180012
[INFO]:    tos_Oday_SAM0-UNICON_piControl_r1i1p1f1_gn_00730101-00731231.nc 112099548
[INFO]:    tos_Oday_SAM0-UNICON_piControl_r1i1p1f1_gn_00740101-00741231.nc 112010116
[INFO]:    tos_Oday_SAM0-UNICON_piControl_r1i1p1f1_gn_00750101-00751231.nc 111992852
[INFO]:    tos_Oday_SAM0-UNICON_piControl_r1i1p1f1_gn_00760101-00761231.nc 112031175
[INFO]:    tos_Oday_SAM0-UNICON_piControl_r1i1p1f1_gn_00770101-00771231.nc 112097109
[INFO]:    tos_Oday_SAM0-UNICON_piControl_r1i1p1f1_gn_00780101-00781231.nc 111989415
[INFO]:    tos_Oday_SAM0-UNICON_piControl_r1i1p1f1_gn_00790101-00791231.nc 111928279
[INFO]:    tos_Oday_SAM0-UNICON_piControl_r1i1p1f1_gn_00800101-00801231.nc 111893608
[INFO]:    tos_Oday_SAM0-UNICON_piControl_r1i1p1f1_gn_00810101-00811231.nc 112009522
[INFO]:    tos_Oday_SAM0-UNICON_piControl_r1i1p1f1_gn_00820101-00821231.nc 112132478
[INFO]:    tos_Oday_SAM0-UNICON_piControl_r1i1p1f1_gn_00830101-00831231.nc 112141233
[INFO]:    tos_Oday_SAM0-UNICON_piControl_r1i1p1f1_gn_00840101-00841231.nc 111976675
[INFO]:    tos_Oday_SAM0-UNICON_piControl_r1i1p1f1_gn_00850101-00851231.nc 111921867
[INFO]:    tos_Oday_SAM0-UNICON_piControl_r1i1p1f1_gn_00860101-00861231.nc 111993850
[INFO]:    tos_Oday_SAM0-UNICON_piControl_r1i1p1f1_gn_00870101-00871231.nc 111922838
[INFO]:    tos_Oday_SAM0-UNICON_piControl_r1i1p1f1_gn_00880101-00881231.nc 112068148
[INFO]:    tos_Oday_SAM0-UNICON_piControl_r1i1p1f1_gn_00890101-00891231.nc 112034894
[INFO]:    tos_Oday_SAM0-UNICON_piControl_r1i1p1f1_gn_00900101-00901231.nc 112014456
[INFO]:    tos_Oday_SAM0-UNICON_piControl_r1i1p1f1_gn_00910101-00911231.nc 112106274
[INFO]:    tos_Oday_SAM0-UNICON_piControl_r1i1p1f1_gn_00920101-00921231.nc 111983188
[INFO]:    tos_Oday_SAM0-UNICON_piControl_r1i1p1f1_gn_00930101-00931231.nc 111998489
[INFO]:    tos_Oday_SAM0-UNICON_piControl_r1i1p1f1_gn_00940101-00941231.nc 112142219
[INFO]:    tos_Oday_SAM0-UNICON_piControl_r1i1p1f1_gn_00950101-00951231.nc 112078086
[INFO]:    tos_Oday_SAM0-UNICON_piControl_r1i1p1f1_gn_00960101-00961231.nc 112029541
[INFO]:    tos_Oday_SAM0-UNICON_piControl_r1i1p1f1_gn_00970101-00971231.nc 111971827
[INFO]:    tos_Oday_SAM0-UNICON_piControl_r1i1p1f1_gn_00980101-00981231.nc 112115397
[INFO]:    tos_Oday_SAM0-UNICON_piControl_r1i1p1f1_gn_00990101-00991231.nc 112023471
[INFO]:    tos_Oday_SAM0-UNICON_piControl_r1i1p1f1_gn_01000101-01001231.nc 112145354
[INFO]:    tos_Oday_SAM0-UNICON_piControl_r1i1p1f1_gn_01010101-01011231.nc 112029757
[INFO]:    tos_Oday_SAM0-UNICON_piControl_r1i1p1f1_gn_01020101-01021231.nc 112040703
[INFO]:    tos_Oday_SAM0-UNICON_piControl_r1i1p1f1_gn_01030101-01031231.nc 112199868
[INFO]:    tos_Oday_SAM0-UNICON_piControl_r1i1p1f1_gn_01040101-01041231.nc 112087137
[INFO]:    tos_Oday_SAM0-UNICON_piControl_r1i1p1f1_gn_01050101-01051231.nc 111977349
[INFO]:    tos_Oday_SAM0-UNICON_piControl_r1i1p1f1_gn_01060101-01061231.nc 112011626
[INFO]:    tos_Oday_SAM0-UNICON_piControl_r1i1p1f1_gn_01070101-01071231.nc 111948268
[INFO]:    tos_Oday_SAM0-UNICON_piControl_r1i1p1f1_gn_01080101-01081231.nc 112024752
[INFO]:    tos_Oday_SAM0-UNICON_piControl_r1i1p1f1_gn_01090101-01091231.nc 111993915
[INFO]:    tos_Oday_SAM0-UNICON_piControl_r1i1p1f1_gn_01100101-01101231.nc 111950334
[INFO]:    tos_Oday_SAM0-UNICON_piControl_r1i1p1f1_gn_01110101-01111231.nc 112009437
[INFO]:    tos_Oday_SAM0-UNICON_piControl_r1i1p1f1_gn_01120101-01121231.nc 111995698
[INFO]:    tos_Oday_SAM0-UNICON_piControl_r1i1p1f1_gn_01130101-01131231.nc 112010683
[INFO]:    tos_Oday_SAM0-UNICON_piControl_r1i1p1f1_gn_01140101-01141231.nc 112089917
[INFO]:    tos_Oday_SAM0-UNICON_piControl_r1i1p1f1_gn_01150101-01151231.nc 111968820
[INFO]:    tos_Oday_SAM0-UNICON_piControl_r1i1p1f1_gn_01160101-01161231.nc 111974113
[INFO]:    tos_Oday_SAM0-UNICON_piControl_r1i1p1f1_gn_01170101-01171231.nc 112075780
[INFO]:    tos_Oday_SAM0-UNICON_piControl_r1i1p1f1_gn_01180101-01181231.nc 112044380
[INFO]:    tos_Oday_SAM0-UNICON_piControl_r1i1p1f1_gn_01190101-01191231.nc 111899092
[INFO]:    tos_Oday_SAM0-UNICON_piControl_r1i1p1f1_gn_01200101-01201231.nc 111913643
[INFO]:    tos_Oday_SAM0-UNICON_piControl_r1i1p1f1_gn_01210101-01211231.nc 111988002
[INFO]:    tos_Oday_SAM0-UNICON_piControl_r1i1p1f1_gn_01220101-01221231.nc 112115002
[INFO]:    tos_Oday_SAM0-UNICON_piControl_r1i1p1f1_gn_01230101-01231231.nc 112018298
[INFO]:    tos_Oday_SAM0-UNICON_piControl_r1i1p1f1_gn_01240101-01241231.nc 111987605
[INFO]:    tos_Oday_SAM0-UNICON_piControl_r1i1p1f1_gn_01250101-01251231.nc 111888731
[INFO]:    tos_Oday_SAM0-UNICON_piControl_r1i1p1f1_gn_01260101-01261231.nc 112017941
[INFO]:    tos_Oday_SAM0-UNICON_piControl_r1i1p1f1_gn_01270101-01271231.nc 111854545
[INFO]:    tos_Oday_SAM0-UNICON_piControl_r1i1p1f1_gn_01280101-01281231.nc 111888852
[INFO]:    tos_Oday_SAM0-UNICON_piControl_r1i1p1f1_gn_01290101-01291231.nc 112051722
[INFO]:    tos_Oday_SAM0-UNICON_piControl_r1i1p1f1_gn_01300101-01301231.nc 111971937
[INFO]:    tos_Oday_SAM0-UNICON_piControl_r1i1p1f1_gn_01310101-01311231.nc 112043200
[INFO]:    tos_Oday_SAM0-UNICON_piControl_r1i1p1f1_gn_01320101-01321231.nc 112039822
[INFO]:    tos_Oday_SAM0-UNICON_piControl_r1i1p1f1_gn_01330101-01331231.nc 112010198
[INFO]:    tos_Oday_SAM0-UNICON_piControl_r1i1p1f1_gn_01340101-01341231.nc 112187423
[INFO]:    tos_Oday_SAM0-UNICON_piControl_r1i1p1f1_gn_01350101-01351231.nc 112158079
[INFO]:    tos_Oday_SAM0-UNICON_piControl_r1i1p1f1_gn_01360101-01361231.nc 112010769
[INFO]:    tos_Oday_SAM0-UNICON_piControl_r1i1p1f1_gn_01370101-01371231.nc 111968328
[INFO]:    tos_Oday_SAM0-UNICON_piControl_r1i1p1f1_gn_01380101-01381231.nc 112020064
[INFO]:    tos_Oday_SAM0-UNICON_piControl_r1i1p1f1_gn_01390101-01391231.nc 112004943
[INFO]:    tos_Oday_SAM0-UNICON_piControl_r1i1p1f1_gn_01400101-01401231.nc 111935449
[INFO]:    tos_Oday_SAM0-UNICON_piControl_r1i1p1f1_gn_01410101-01411231.nc 112034798
[INFO]:    tos_Oday_SAM0-UNICON_piControl_r1i1p1f1_gn_01420101-01421231.nc 112040810
[INFO]:    tos_Oday_SAM0-UNICON_piControl_r1i1p1f1_gn_01430101-01431231.nc 112012970
[INFO]:    tos_Oday_SAM0-UNICON_piControl_r1i1p1f1_gn_01440101-01441231.nc 111892959
[INFO]:    tos_Oday_SAM0-UNICON_piControl_r1i1p1f1_gn_01450101-01451231.nc 112034531
[INFO]:    tos_Oday_SAM0-UNICON_piControl_r1i1p1f1_gn_01460101-01461231.nc 112016919
[INFO]:    tos_Oday_SAM0-UNICON_piControl_r1i1p1f1_gn_01470101-01471231.nc 111996942
[INFO]:    tos_Oday_SAM0-UNICON_piControl_r1i1p1f1_gn_01480101-01481231.nc 111968297
[INFO]:    tos_Oday_SAM0-UNICON_piControl_r1i1p1f1_gn_01490101-01491231.nc 112012740
[INFO]:    tos_Oday_SAM0-UNICON_piControl_r1i1p1f1_gn_01500101-01501231.nc 112040175
[INFO]:    tos_Oday_SAM0-UNICON_piControl_r1i1p1f1_gn_01510101-01511231.nc 112060662
[INFO]:    tos_Oday_SAM0-UNICON_piControl_r1i1p1f1_gn_01520101-01521231.nc 112105328
[INFO]:    tos_Oday_SAM0-UNICON_piControl_r1i1p1f1_gn_01530101-01531231.nc 111997093
[INFO]:    tos_Oday_SAM0-UNICON_piControl_r1i1p1f1_gn_01540101-01541231.nc 112008728
[INFO]:    tos_Oday_SAM0-UNICON_piControl_r1i1p1f1_gn_01550101-01551231.nc 111844102
[INFO]:    tos_Oday_SAM0-UNICON_piControl_r1i1p1f1_gn_01560101-01561231.nc 111894594
[INFO]:    tos_Oday_SAM0-UNICON_piControl_r1i1p1f1_gn_01570101-01571231.nc 112008901
[INFO]:    tos_Oday_SAM0-UNICON_piControl_r1i1p1f1_gn_01580101-01581231.nc 112081762
[INFO]:    tos_Oday_SAM0-UNICON_piControl_r1i1p1f1_gn_01590101-01591231.nc 111992614
[INFO]:    tos_Oday_SAM0-UNICON_piControl_r1i1p1f1_gn_01600101-01601231.nc 112036011
[INFO]:    tos_Oday_SAM0-UNICON_piControl_r1i1p1f1_gn_01610101-01611231.nc 112059679
[INFO]:    tos_Oday_SAM0-UNICON_piControl_r1i1p1f1_gn_01620101-01621231.nc 111973664
[INFO]:    tos_Oday_SAM0-UNICON_piControl_r1i1p1f1_gn_01630101-01631231.nc 112072550
[INFO]:    tos_Oday_SAM0-UNICON_piControl_r1i1p1f1_gn_01640101-01641231.nc 112023679
[INFO]:    tos_Oday_SAM0-UNICON_piControl_r1i1p1f1_gn_01650101-01651231.nc 111928078
[INFO]:    tos_Oday_SAM0-UNICON_piControl_r1i1p1f1_gn_01660101-01661231.nc 112021857
[INFO]:    tos_Oday_SAM0-UNICON_piControl_r1i1p1f1_gn_01670101-01671231.nc 112010567
[INFO]:    tos_Oday_SAM0-UNICON_piControl_r1i1p1f1_gn_01680101-01681231.nc 112109470
[INFO]:    tos_Oday_SAM0-UNICON_piControl_r1i1p1f1_gn_01690101-01691231.nc 112014807
[INFO]:    tos_Oday_SAM0-UNICON_piControl_r1i1p1f1_gn_01700101-01701231.nc 112072863
[INFO]:    tos_Oday_SAM0-UNICON_piControl_r1i1p1f1_gn_01710101-01711231.nc 111931425
[INFO]:    tos_Oday_SAM0-UNICON_piControl_r1i1p1f1_gn_01720101-01721231.nc 111928618
[INFO]:    tos_Oday_SAM0-UNICON_piControl_r1i1p1f1_gn_01730101-01731231.nc 112128739
[INFO]:    tos_Oday_SAM0-UNICON_piControl_r1i1p1f1_gn_01740101-01741231.nc 112086507
[INFO]:    tos_Oday_SAM0-UNICON_piControl_r1i1p1f1_gn_01750101-01751231.nc 112000613
[INFO]:    tos_Oday_SAM0-UNICON_piControl_r1i1p1f1_gn_01760101-01761231.nc 111902880
[INFO]:    tos_Oday_SAM0-UNICON_piControl_r1i1p1f1_gn_01770101-01771231.nc 112063609
[INFO]:    tos_Oday_SAM0-UNICON_piControl_r1i1p1f1_gn_01780101-01781231.nc 111949234
[INFO]:    tos_Oday_SAM0-UNICON_piControl_r1i1p1f1_gn_01790101-01791231.nc 112028378
[INFO]:    tos_Oday_SAM0-UNICON_piControl_r1i1p1f1_gn_01800101-01801231.nc 111858123
[INFO]:    tos_Oday_SAM0-UNICON_piControl_r1i1p1f1_gn_01810101-01811231.nc 112017714
[INFO]:    tos_Oday_SAM0-UNICON_piControl_r1i1p1f1_gn_01820101-01821231.nc 111900876
[INFO]:    tos_Oday_SAM0-UNICON_piControl_r1i1p1f1_gn_01830101-01831231.nc 111997194
[INFO]:    tos_Oday_SAM0-UNICON_piControl_r1i1p1f1_gn_01840101-01841231.nc 112011900
[INFO]:    tos_Oday_SAM0-UNICON_piControl_r1i1p1f1_gn_01850101-01851231.nc 112022542
[INFO]:    tos_Oday_SAM0-UNICON_piControl_r1i1p1f1_gn_01860101-01861231.nc 111824578
[INFO]:    tos_Oday_SAM0-UNICON_piControl_r1i1p1f1_gn_01870101-01871231.nc 112072646
[INFO]:    tos_Oday_SAM0-UNICON_piControl_r1i1p1f1_gn_01880101-01881231.nc 111844757
[INFO]:    tos_Oday_SAM0-UNICON_piControl_r1i1p1f1_gn_01890101-01891231.nc 112040723
[INFO]:    tos_Oday_SAM0-UNICON_piControl_r1i1p1f1_gn_01900101-01901231.nc 111780576
[INFO]:    tos_Oday_SAM0-UNICON_piControl_r1i1p1f1_gn_01910101-01911231.nc 111970615
[INFO]:    tos_Oday_SAM0-UNICON_piControl_r1i1p1f1_gn_01920101-01921231.nc 111797870
[INFO]:    tos_Oday_SAM0-UNICON_piControl_r1i1p1f1_gn_01930101-01931231.nc 112068530
[INFO]:    tos_Oday_SAM0-UNICON_piControl_r1i1p1f1_gn_01940101-01941231.nc 112055553
[INFO]:    tos_Oday_SAM0-UNICON_piControl_r1i1p1f1_gn_01950101-01951231.nc 112037028
[INFO]:    tos_Oday_SAM0-UNICON_piControl_r1i1p1f1_gn_01960101-01961231.nc 111934603
[INFO]:    tos_Oday_SAM0-UNICON_piControl_r1i1p1f1_gn_01970101-01971231.nc 111941005
[INFO]:    tos_Oday_SAM0-UNICON_piControl_r1i1p1f1_gn_01980101-01981231.nc 111965560
[INFO]:    tos_Oday_SAM0-UNICON_piControl_r1i1p1f1_gn_01990101-01991231.nc 112009308
[INFO]:    tos_Oday_SAM0-UNICON_piControl_r1i1p1f1_gn_02000101-02001231.nc 111917619
[INFO]:    tos_Oday_SAM0-UNICON_piControl_r1i1p1f1_gn_02010101-02011231.nc 111981881
[INFO]:    tos_Oday_SAM0-UNICON_piControl_r1i1p1f1_gn_02020101-02021231.nc 111983462
[INFO]:    tos_Oday_SAM0-UNICON_piControl_r1i1p1f1_gn_02030101-02031231.nc 112031973
[INFO]:    tos_Oday_SAM0-UNICON_piControl_r1i1p1f1_gn_02040101-02041231.nc 111937399
[INFO]:    tos_Oday_SAM0-UNICON_piControl_r1i1p1f1_gn_02050101-02051231.nc 112036671
[INFO]:    tos_Oday_SAM0-UNICON_piControl_r1i1p1f1_gn_02060101-02061231.nc 111998824
[INFO]:    tos_Oday_SAM0-UNICON_piControl_r1i1p1f1_gn_02070101-02071231.nc 112013174
[INFO]:    tos_Oday_SAM0-UNICON_piControl_r1i1p1f1_gn_02080101-02081231.nc 111943500
[INFO]:    tos_Oday_SAM0-UNICON_piControl_r1i1p1f1_gn_02090101-02091231.nc 111991813
[INFO]:    tos_Oday_SAM0-UNICON_piControl_r1i1p1f1_gn_02100101-02101231.nc 111923827
[INFO]:    tos_Oday_SAM0-UNICON_piControl_r1i1p1f1_gn_02110101-02111231.nc 111976971
[INFO]:    tos_Oday_SAM0-UNICON_piControl_r1i1p1f1_gn_02120101-02121231.nc 112029958
[INFO]:    tos_Oday_SAM0-UNICON_piControl_r1i1p1f1_gn_02130101-02131231.nc 111972153
[INFO]:    tos_Oday_SAM0-UNICON_piControl_r1i1p1f1_gn_02140101-02141231.nc 112027643
[INFO]:    tos_Oday_SAM0-UNICON_piControl_r1i1p1f1_gn_02150101-02151231.nc 111941858
[INFO]:    tos_Oday_SAM0-UNICON_piControl_r1i1p1f1_gn_02160101-02161231.nc 112152567
[INFO]:    tos_Oday_SAM0-UNICON_piControl_r1i1p1f1_gn_02170101-02171231.nc 112118178
[INFO]:    tos_Oday_SAM0-UNICON_piControl_r1i1p1f1_gn_02180101-02181231.nc 111939064
[INFO]:    tos_Oday_SAM0-UNICON_piControl_r1i1p1f1_gn_02190101-02191231.nc 112018545
[INFO]:    tos_Oday_SAM0-UNICON_piControl_r1i1p1f1_gn_02200101-02201231.nc 112010755
[INFO]:    tos_Oday_SAM0-UNICON_piControl_r1i1p1f1_gn_02210101-02211231.nc 112090424
[INFO]:    tos_Oday_SAM0-UNICON_piControl_r1i1p1f1_gn_02220101-02221231.nc 112130772
[INFO]:    tos_Oday_SAM0-UNICON_piControl_r1i1p1f1_gn_02230101-02231231.nc 111970514
[INFO]:    tos_Oday_SAM0-UNICON_piControl_r1i1p1f1_gn_02240101-02241231.nc 111967246
[INFO]:    tos_Oday_SAM0-UNICON_piControl_r1i1p1f1_gn_02250101-02251231.nc 111880332
[INFO]:    tos_Oday_SAM0-UNICON_piControl_r1i1p1f1_gn_02260101-02261231.nc 112031895
[INFO]:    tos_Oday_SAM0-UNICON_piControl_r1i1p1f1_gn_02270101-02271231.nc 111949679
[INFO]:    tos_Oday_SAM0-UNICON_piControl_r1i1p1f1_gn_02280101-02281231.nc 111982021
[INFO]:    tos_Oday_SAM0-UNICON_piControl_r1i1p1f1_gn_02290101-02291231.nc 111953165
[INFO]:    tos_Oday_SAM0-UNICON_piControl_r1i1p1f1_gn_02300101-02301231.nc 111871204
[INFO]:    tos_Oday_SAM0-UNICON_piControl_r1i1p1f1_gn_02310101-02311231.nc 112054350
[INFO]:    tos_Oday_SAM0-UNICON_piControl_r1i1p1f1_gn_02320101-02321231.nc 111999329
[INFO]:    tos_Oday_SAM0-UNICON_piControl_r1i1p1f1_gn_02330101-02331231.nc 111971657
[INFO]:    tos_Oday_SAM0-UNICON_piControl_r1i1p1f1_gn_02340101-02341231.nc 111869533
[INFO]:    tos_Oday_SAM0-UNICON_piControl_r1i1p1f1_gn_02350101-02351231.nc 111908686
[INFO]:    tos_Oday_SAM0-UNICON_piControl_r1i1p1f1_gn_02360101-02361231.nc 111987528
[INFO]:    tos_Oday_SAM0-UNICON_piControl_r1i1p1f1_gn_02370101-02371231.nc 112197556
[INFO]:    tos_Oday_SAM0-UNICON_piControl_r1i1p1f1_gn_02380101-02381231.nc 111930545
[INFO]:    tos_Oday_SAM0-UNICON_piControl_r1i1p1f1_gn_02390101-02391231.nc 111852596
[INFO]:    tos_Oday_SAM0-UNICON_piControl_r1i1p1f1_gn_02400101-02401231.nc 111858865
[INFO]:    tos_Oday_SAM0-UNICON_piControl_r1i1p1f1_gn_02410101-02411231.nc 111978931
[INFO]:    tos_Oday_SAM0-UNICON_piControl_r1i1p1f1_gn_02420101-02421231.nc 112039928
[INFO]:    tos_Oday_SAM0-UNICON_piControl_r1i1p1f1_gn_02430101-02431231.nc 111875783
[INFO]:    tos_Oday_SAM0-UNICON_piControl_r1i1p1f1_gn_02440101-02441231.nc 111926897
[INFO]:    tos_Oday_SAM0-UNICON_piControl_r1i1p1f1_gn_02450101-02451231.nc 112071239
[INFO]:    tos_Oday_SAM0-UNICON_piControl_r1i1p1f1_gn_02460101-02461231.nc 111994483
[INFO]:    tos_Oday_SAM0-UNICON_piControl_r1i1p1f1_gn_02470101-02471231.nc 111978024
[INFO]:    tos_Oday_SAM0-UNICON_piControl_r1i1p1f1_gn_02480101-02481231.nc 111939533
[INFO]:    tos_Oday_SAM0-UNICON_piControl_r1i1p1f1_gn_02490101-02491231.nc 112050664
[INFO]:    tos_Oday_SAM0-UNICON_piControl_r1i1p1f1_gn_02500101-02501231.nc 111936551
[INFO]:    tos_Oday_SAM0-UNICON_piControl_r1i1p1f1_gn_02510101-02511231.nc 111949637
[INFO]:    tos_Oday_SAM0-UNICON_piControl_r1i1p1f1_gn_02520101-02521231.nc 111931797
[INFO]:    tos_Oday_SAM0-UNICON_piControl_r1i1p1f1_gn_02530101-02531231.nc 111922052
[INFO]:    tos_Oday_SAM0-UNICON_piControl_r1i1p1f1_gn_02540101-02541231.nc 112004824
[INFO]:    tos_Oday_SAM0-UNICON_piControl_r1i1p1f1_gn_02550101-02551231.nc 112131185
[INFO]:    tos_Oday_SAM0-UNICON_piControl_r1i1p1f1_gn_02560101-02561231.nc 112107776
[INFO]:    tos_Oday_SAM0-UNICON_piControl_r1i1p1f1_gn_02570101-02571231.nc 111840288
[INFO]:    tos_Oday_SAM0-UNICON_piControl_r1i1p1f1_gn_02580101-02581231.nc 111881348
[INFO]:    tos_Oday_SAM0-UNICON_piControl_r1i1p1f1_gn_02590101-02591231.nc 112122767
[INFO]:    tos_Oday_SAM0-UNICON_piControl_r1i1p1f1_gn_02600101-02601231.nc 112109139
[INFO]:    tos_Oday_SAM0-UNICON_piControl_r1i1p1f1_gn_02610101-02611231.nc 112011859
[INFO]:    tos_Oday_SAM0-UNICON_piControl_r1i1p1f1_gn_02620101-02621231.nc 111869514
[INFO]:    tos_Oday_SAM0-UNICON_piControl_r1i1p1f1_gn_02630101-02631231.nc 112012492
[INFO]:    tos_Oday_SAM0-UNICON_piControl_r1i1p1f1_gn_02640101-02641231.nc 112009944
[INFO]:    tos_Oday_SAM0-UNICON_piControl_r1i1p1f1_gn_02650101-02651231.nc 111842950
[INFO]:    tos_Oday_SAM0-UNICON_piControl_r1i1p1f1_gn_02660101-02661231.nc 111780135
[INFO]:    tos_Oday_SAM0-UNICON_piControl_r1i1p1f1_gn_02670101-02671231.nc 112034488
[INFO]:    tos_Oday_SAM0-UNICON_piControl_r1i1p1f1_gn_02680101-02681231.nc 112046275
[INFO]:    tos_Oday_SAM0-UNICON_piControl_r1i1p1f1_gn_02690101-02691231.nc 112022258
[INFO]:    tos_Oday_SAM0-UNICON_piControl_r1i1p1f1_gn_02700101-02701231.nc 111934012
[INFO]:    tos_Oday_SAM0-UNICON_piControl_r1i1p1f1_gn_02710101-02711231.nc 112006795
[INFO]:    tos_Oday_SAM0-UNICON_piControl_r1i1p1f1_gn_02720101-02721231.nc 111852558
[INFO]:    tos_Oday_SAM0-UNICON_piControl_r1i1p1f1_gn_02730101-02731231.nc 112057556
[INFO]:    tos_Oday_SAM0-UNICON_piControl_r1i1p1f1_gn_02740101-02741231.nc 111924048
[INFO]:    tos_Oday_SAM0-UNICON_piControl_r1i1p1f1_gn_02750101-02751231.nc 111796248
[INFO]:    tos_Oday_SAM0-UNICON_piControl_r1i1p1f1_gn_02760101-02761231.nc 111768282
[INFO]:    tos_Oday_SAM0-UNICON_piControl_r1i1p1f1_gn_02770101-02771231.nc 111844194
[INFO]:    tos_Oday_SAM0-UNICON_piControl_r1i1p1f1_gn_02780101-02781231.nc 111890993
[INFO]:    tos_Oday_SAM0-UNICON_piControl_r1i1p1f1_gn_02790101-02791231.nc 111900869
[INFO]:    tos_Oday_SAM0-UNICON_piControl_r1i1p1f1_gn_02800101-02801231.nc 112111403
[INFO]:    tos_Oday_SAM0-UNICON_piControl_r1i1p1f1_gn_02810101-02811231.nc 111961742
[INFO]:    tos_Oday_SAM0-UNICON_piControl_r1i1p1f1_gn_02820101-02821231.nc 112054411
[INFO]:    tos_Oday_SAM0-UNICON_piControl_r1i1p1f1_gn_02830101-02831231.nc 112028702
[INFO]:    tos_Oday_SAM0-UNICON_piControl_r1i1p1f1_gn_02840101-02841231.nc 111984983
[INFO]:    tos_Oday_SAM0-UNICON_piControl_r1i1p1f1_gn_02850101-02851231.nc 112164838
[INFO]:    tos_Oday_SAM0-UNICON_piControl_r1i1p1f1_gn_02860101-02861231.nc 111938382
[INFO]:    tos_Oday_SAM0-UNICON_piControl_r1i1p1f1_gn_02870101-02871231.nc 112030077
[INFO]:    tos_Oday_SAM0-UNICON_piControl_r1i1p1f1_gn_02880101-02881231.nc 112036596
[INFO]:    tos_Oday_SAM0-UNICON_piControl_r1i1p1f1_gn_02890101-02891231.nc 112025308
[INFO]:    tos_Oday_SAM0-UNICON_piControl_r1i1p1f1_gn_02900101-02901231.nc 111937279
[INFO]:    tos_Oday_SAM0-UNICON_piControl_r1i1p1f1_gn_02910101-02911231.nc 112022711
[INFO]:    tos_Oday_SAM0-UNICON_piControl_r1i1p1f1_gn_02920101-02921231.nc 112086297
[INFO]:    tos_Oday_SAM0-UNICON_piControl_r1i1p1f1_gn_02930101-02931231.nc 111923708
[INFO]:    tos_Oday_SAM0-UNICON_piControl_r1i1p1f1_gn_02940101-02941231.nc 112008154
[INFO]:    tos_Oday_SAM0-UNICON_piControl_r1i1p1f1_gn_02950101-02951231.nc 112112636
[INFO]:    tos_Oday_SAM0-UNICON_piControl_r1i1p1f1_gn_02960101-02961231.nc 111935643
[INFO]:    tos_Oday_SAM0-UNICON_piControl_r1i1p1f1_gn_02970101-02971231.nc 111804348
[INFO]:    tos_Oday_SAM0-UNICON_piControl_r1i1p1f1_gn_02980101-02981231.nc 111920660
[INFO]:    tos_Oday_SAM0-UNICON_piControl_r1i1p1f1_gn_02990101-02991231.nc 112064908
[INFO]:    tos_Oday_SAM0-UNICON_piControl_r1i1p1f1_gn_03000101-03001231.nc 111827119
[INFO]:    tos_Oday_SAM0-UNICON_piControl_r1i1p1f1_gn_03010101-03011231.nc 111958135
[INFO]:    tos_Oday_SAM0-UNICON_piControl_r1i1p1f1_gn_03020101-03021231.nc 112232354
[INFO]:    tos_Oday_SAM0-UNICON_piControl_r1i1p1f1_gn_03030101-03031231.nc 112048628
[INFO]:    tos_Oday_SAM0-UNICON_piControl_r1i1p1f1_gn_03040101-03041231.nc 112057498
[INFO]:    tos_Oday_SAM0-UNICON_piControl_r1i1p1f1_gn_03050101-03051231.nc 111982575
[INFO]:    tos_Oday_SAM0-UNICON_piControl_r1i1p1f1_gn_03060101-03061231.nc 111935713
[INFO]:    tos_Oday_SAM0-UNICON_piControl_r1i1p1f1_gn_03070101-03071231.nc 111922924
[INFO]:    tos_Oday_SAM0-UNICON_piControl_r1i1p1f1_gn_03080101-03081231.nc 112034103
[INFO]:    tos_Oday_SAM0-UNICON_piControl_r1i1p1f1_gn_03090101-03091231.nc 111822674
[INFO]:    tos_Oday_SAM0-UNICON_piControl_r1i1p1f1_gn_03100101-03101231.nc 111859113
[INFO]:    tos_Oday_SAM0-UNICON_piControl_r1i1p1f1_gn_03110101-03111231.nc 111991787
[INFO]:    tos_Oday_SAM0-UNICON_piControl_r1i1p1f1_gn_03120101-03121231.nc 112044747
[INFO]:    tos_Oday_SAM0-UNICON_piControl_r1i1p1f1_gn_03130101-03131231.nc 111908972
[INFO]:    tos_Oday_SAM0-UNICON_piControl_r1i1p1f1_gn_03140101-03141231.nc 111969338
[INFO]:    tos_Oday_SAM0-UNICON_piControl_r1i1p1f1_gn_03150101-03151231.nc 112036721
[INFO]:    tos_Oday_SAM0-UNICON_piControl_r1i1p1f1_gn_03160101-03161231.nc 112028242
[INFO]:    tos_Oday_SAM0-UNICON_piControl_r1i1p1f1_gn_03170101-03171231.nc 111922560
[INFO]:    tos_Oday_SAM0-UNICON_piControl_r1i1p1f1_gn_03180101-03181231.nc 111979616
[INFO]:    tos_Oday_SAM0-UNICON_piControl_r1i1p1f1_gn_03190101-03191231.nc 112005307
[INFO]:    tos_Oday_SAM0-UNICON_piControl_r1i1p1f1_gn_03200101-03201231.nc 112075498
[INFO]:    tos_Oday_SAM0-UNICON_piControl_r1i1p1f1_gn_03210101-03211231.nc 112097417
[INFO]:    tos_Oday_SAM0-UNICON_piControl_r1i1p1f1_gn_03220101-03221231.nc 112089064
[INFO]:    tos_Oday_SAM0-UNICON_piControl_r1i1p1f1_gn_03230101-03231231.nc 112112667
[INFO]:    tos_Oday_SAM0-UNICON_piControl_r1i1p1f1_gn_03240101-03241231.nc 112035664
[INFO]:    tos_Oday_SAM0-UNICON_piControl_r1i1p1f1_gn_03250101-03251231.nc 112085848
[INFO]:    tos_Oday_SAM0-UNICON_piControl_r1i1p1f1_gn_03260101-03261231.nc 111985907
[INFO]:    tos_Oday_SAM0-UNICON_piControl_r1i1p1f1_gn_03270101-03271231.nc 111990445
[INFO]:    tos_Oday_SAM0-UNICON_piControl_r1i1p1f1_gn_03280101-03281231.nc 112092945
[INFO]:    tos_Oday_SAM0-UNICON_piControl_r1i1p1f1_gn_03290101-03291231.nc 112053195
[INFO]:    tos_Oday_SAM0-UNICON_piControl_r1i1p1f1_gn_03300101-03301231.nc 112008135
[INFO]:    tos_Oday_SAM0-UNICON_piControl_r1i1p1f1_gn_03310101-03311231.nc 111947827
[INFO]:    tos_Oday_SAM0-UNICON_piControl_r1i1p1f1_gn_03320101-03321231.nc 112109457
[INFO]:    tos_Oday_SAM0-UNICON_piControl_r1i1p1f1_gn_03330101-03331231.nc 111974445
[INFO]:    tos_Oday_SAM0-UNICON_piControl_r1i1p1f1_gn_03340101-03341231.nc 112035837
[INFO]:    tos_Oday_SAM0-UNICON_piControl_r1i1p1f1_gn_03350101-03351231.nc 112134281
[INFO]:    tos_Oday_SAM0-UNICON_piControl_r1i1p1f1_gn_03360101-03361231.nc 112148318
[INFO]:    tos_Oday_SAM0-UNICON_piControl_r1i1p1f1_gn_03370101-03371231.nc 111952365
[INFO]:    tos_Oday_SAM0-UNICON_piControl_r1i1p1f1_gn_03380101-03381231.nc 112010813
[INFO]:    tos_Oday_SAM0-UNICON_piControl_r1i1p1f1_gn_03390101-03391231.nc 112045536
[INFO]:    tos_Oday_SAM0-UNICON_piControl_r1i1p1f1_gn_03400101-03401231.nc 112049225
[INFO]:    tos_Oday_SAM0-UNICON_piControl_r1i1p1f1_gn_03410101-03411231.nc 112091203
[INFO]:    tos_Oday_SAM0-UNICON_piControl_r1i1p1f1_gn_03420101-03421231.nc 111912478
[INFO]:    tos_Oday_SAM0-UNICON_piControl_r1i1p1f1_gn_03430101-03431231.nc 111870551
[INFO]:    tos_Oday_SAM0-UNICON_piControl_r1i1p1f1_gn_03440101-03441231.nc 112225540
[INFO]:    tos_Oday_SAM0-UNICON_piControl_r1i1p1f1_gn_03450101-03451231.nc 112022727
[INFO]:    tos_Oday_SAM0-UNICON_piControl_r1i1p1f1_gn_03460101-03461231.nc 111834616
[INFO]:    tos_Oday_SAM0-UNICON_piControl_r1i1p1f1_gn_03470101-03471231.nc 111998734
[INFO]:    tos_Oday_SAM0-UNICON_piControl_r1i1p1f1_gn_03480101-03481231.nc 112045910
[INFO]:    tos_Oday_SAM0-UNICON_piControl_r1i1p1f1_gn_03490101-03491231.nc 111946933
[INFO]:    tos_Oday_SAM0-UNICON_piControl_r1i1p1f1_gn_03500101-03501231.nc 112004158
[INFO]:    tos_Oday_SAM0-UNICON_piControl_r1i1p1f1_gn_03510101-03511231.nc 112022307
[INFO]:    tos_Oday_SAM0-UNICON_piControl_r1i1p1f1_gn_03520101-03521231.nc 111929182
[INFO]:    tos_Oday_SAM0-UNICON_piControl_r1i1p1f1_gn_03530101-03531231.nc 111958616
[INFO]:    tos_Oday_SAM0-UNICON_piControl_r1i1p1f1_gn_03540101-03541231.nc 111806315
[INFO]:    tos_Oday_SAM0-UNICON_piControl_r1i1p1f1_gn_03550101-03551231.nc 111987276
[INFO]:    tos_Oday_SAM0-UNICON_piControl_r1i1p1f1_gn_03560101-03561231.nc 111772388
[INFO]:    tos_Oday_SAM0-UNICON_piControl_r1i1p1f1_gn_03570101-03571231.nc 112079599
[INFO]:    tos_Oday_SAM0-UNICON_piControl_r1i1p1f1_gn_03580101-03581231.nc 111831741
[INFO]:    tos_Oday_SAM0-UNICON_piControl_r1i1p1f1_gn_03590101-03591231.nc 111875933
[INFO]:    tos_Oday_SAM0-UNICON_piControl_r1i1p1f1_gn_03600101-03601231.nc 111862458
[INFO]:    tos_Oday_SAM0-UNICON_piControl_r1i1p1f1_gn_03610101-03611231.nc 112013747
[INFO]:    tos_Oday_SAM0-UNICON_piControl_r1i1p1f1_gn_03620101-03621231.nc 111935308
[INFO]:    tos_Oday_SAM0-UNICON_piControl_r1i1p1f1_gn_03630101-03631231.nc 112137534
[INFO]:    tos_Oday_SAM0-UNICON_piControl_r1i1p1f1_gn_03640101-03641231.nc 112055238
[INFO]:    tos_Oday_SAM0-UNICON_piControl_r1i1p1f1_gn_03650101-03651231.nc 111844729
[INFO]:    tos_Oday_SAM0-UNICON_piControl_r1i1p1f1_gn_03660101-03661231.nc 111973829
[INFO]:    tos_Oday_SAM0-UNICON_piControl_r1i1p1f1_gn_03670101-03671231.nc 112071204
[INFO]:    tos_Oday_SAM0-UNICON_piControl_r1i1p1f1_gn_03680101-03681231.nc 112094271
[INFO]:    tos_Oday_SAM0-UNICON_piControl_r1i1p1f1_gn_03690101-03691231.nc 111785002
[INFO]:    tos_Oday_SAM0-UNICON_piControl_r1i1p1f1_gn_03700101-03701231.nc 112072419
[INFO]:    tos_Oday_SAM0-UNICON_piControl_r1i1p1f1_gn_03710101-03711231.nc 111969355
[INFO]:    tos_Oday_SAM0-UNICON_piControl_r1i1p1f1_gn_03720101-03721231.nc 111912748
[INFO]:    tos_Oday_SAM0-UNICON_piControl_r1i1p1f1_gn_03730101-03731231.nc 111850146
[INFO]:    tos_Oday_SAM0-UNICON_piControl_r1i1p1f1_gn_03740101-03741231.nc 111840196
[INFO]:    tos_Oday_SAM0-UNICON_piControl_r1i1p1f1_gn_03750101-03751231.nc 111919997
[INFO]:    tos_Oday_SAM0-UNICON_piControl_r1i1p1f1_gn_03760101-03761231.nc 112019915
[INFO]:    tos_Oday_SAM0-UNICON_piControl_r1i1p1f1_gn_03770101-03771231.nc 112017812
[INFO]:    tos_Oday_SAM0-UNICON_piControl_r1i1p1f1_gn_03780101-03781231.nc 111987496
[INFO]:    tos_Oday_SAM0-UNICON_piControl_r1i1p1f1_gn_03790101-03791231.nc 112003820
[INFO]:    tos_Oday_SAM0-UNICON_piControl_r1i1p1f1_gn_03800101-03801231.nc 111974805
[INFO]:    tos_Oday_SAM0-UNICON_piControl_r1i1p1f1_gn_03810101-03811231.nc 111900176
[INFO]:    tos_Oday_SAM0-UNICON_piControl_r1i1p1f1_gn_03820101-03821231.nc 111872501
[INFO]:    tos_Oday_SAM0-UNICON_piControl_r1i1p1f1_gn_03830101-03831231.nc 111920266
[INFO]:    tos_Oday_SAM0-UNICON_piControl_r1i1p1f1_gn_03840101-03841231.nc 111882467
[INFO]:    tos_Oday_SAM0-UNICON_piControl_r1i1p1f1_gn_03850101-03851231.nc 112139685
[INFO]:    tos_Oday_SAM0-UNICON_piControl_r1i1p1f1_gn_03860101-03861231.nc 112022955
[INFO]:    tos_Oday_SAM0-UNICON_piControl_r1i1p1f1_gn_03870101-03871231.nc 111979383
[INFO]:    tos_Oday_SAM0-UNICON_piControl_r1i1p1f1_gn_03880101-03881231.nc 111951373
[INFO]:    tos_Oday_SAM0-UNICON_piControl_r1i1p1f1_gn_03890101-03891231.nc 112110964
[INFO]:    tos_Oday_SAM0-UNICON_piControl_r1i1p1f1_gn_03900101-03901231.nc 112082100
[INFO]:    tos_Oday_SAM0-UNICON_piControl_r1i1p1f1_gn_03910101-03911231.nc 111964649
[INFO]:    tos_Oday_SAM0-UNICON_piControl_r1i1p1f1_gn_03920101-03921231.nc 111992141
[INFO]:    tos_Oday_SAM0-UNICON_piControl_r1i1p1f1_gn_03930101-03931231.nc 111958390
[INFO]:    tos_Oday_SAM0-UNICON_piControl_r1i1p1f1_gn_03940101-03941231.nc 112004737
[INFO]:    tos_Oday_SAM0-UNICON_piControl_r1i1p1f1_gn_03950101-03951231.nc 111974765
[INFO]:    tos_Oday_SAM0-UNICON_piControl_r1i1p1f1_gn_03960101-03961231.nc 111845748
[INFO]:    tos_Oday_SAM0-UNICON_piControl_r1i1p1f1_gn_03970101-03971231.nc 111834125
[INFO]:    tos_Oday_SAM0-UNICON_piControl_r1i1p1f1_gn_03980101-03981231.nc 112106986
[INFO]:    tos_Oday_SAM0-UNICON_piControl_r1i1p1f1_gn_03990101-03991231.nc 111838510
[INFO]:    tos_Oday_SAM0-UNICON_piControl_r1i1p1f1_gn_04000101-04001231.nc 112095325
[INFO]:    tos_Oday_SAM0-UNICON_piControl_r1i1p1f1_gn_04010101-04011231.nc 111946526
[INFO]:    tos_Oday_SAM0-UNICON_piControl_r1i1p1f1_gn_04020101-04021231.nc 112074905
[INFO]:    tos_Oday_SAM0-UNICON_piControl_r1i1p1f1_gn_04030101-04031231.nc 112141189
[INFO]:    tos_Oday_SAM0-UNICON_piControl_r1i1p1f1_gn_04040101-04041231.nc 112060812
[INFO]:    tos_Oday_SAM0-UNICON_piControl_r1i1p1f1_gn_04050101-04051231.nc 112074535
[INFO]:    tos_Oday_SAM0-UNICON_piControl_r1i1p1f1_gn_04060101-04061231.nc 112112150
[INFO]:    tos_Oday_SAM0-UNICON_piControl_r1i1p1f1_gn_04070101-04071231.nc 111840036
[INFO]:    tos_Oday_SAM0-UNICON_piControl_r1i1p1f1_gn_04080101-04081231.nc 112053570
[INFO]:    tos_Oday_SAM0-UNICON_piControl_r1i1p1f1_gn_04090101-04091231.nc 111949250
[INFO]:    tos_Oday_SAM0-UNICON_piControl_r1i1p1f1_gn_04100101-04101231.nc 112115759
[INFO]:    tos_Oday_SAM0-UNICON_piControl_r1i1p1f1_gn_04110101-04111231.nc 112106767
[INFO]:    tos_Oday_SAM0-UNICON_piControl_r1i1p1f1_gn_04120101-04121231.nc 111972957
[INFO]:    tos_Oday_SAM0-UNICON_piControl_r1i1p1f1_gn_04130101-04131231.nc 111870399
[INFO]:    tos_Oday_SAM0-UNICON_piControl_r1i1p1f1_gn_04140101-04141231.nc 111844727
[INFO]:    tos_Oday_SAM0-UNICON_piControl_r1i1p1f1_gn_04150101-04151231.nc 111958307
[INFO]:    tos_Oday_SAM0-UNICON_piControl_r1i1p1f1_gn_04160101-04161231.nc 111977160
[INFO]:    tos_Oday_SAM0-UNICON_piControl_r1i1p1f1_gn_04170101-04171231.nc 111990238
[INFO]:    tos_Oday_SAM0-UNICON_piControl_r1i1p1f1_gn_04180101-04181231.nc 111906137
[INFO]:    tos_Oday_SAM0-UNICON_piControl_r1i1p1f1_gn_04190101-04191231.nc 111916832
[INFO]:    tos_Oday_SAM0-UNICON_piControl_r1i1p1f1_gn_04200101-04201231.nc 111719263
[INFO]:    tos_Oday_SAM0-UNICON_piControl_r1i1p1f1_gn_04210101-04211231.nc 111846778
[INFO]:    tos_Oday_SAM0-UNICON_piControl_r1i1p1f1_gn_04220101-04221231.nc 111830490
[INFO]:    tos_Oday_SAM0-UNICON_piControl_r1i1p1f1_gn_04230101-04231231.nc 111924356
[INFO]:    tos_Oday_SAM0-UNICON_piControl_r1i1p1f1_gn_04240101-04241231.nc 111928550
[INFO]:    tos_Oday_SAM0-UNICON_piControl_r1i1p1f1_gn_04250101-04251231.nc 111971931
[INFO]:    tos_Oday_SAM0-UNICON_piControl_r1i1p1f1_gn_04260101-04261231.nc 111752096
[INFO]:    tos_Oday_SAM0-UNICON_piControl_r1i1p1f1_gn_04270101-04271231.nc 112087518
[INFO]:    tos_Oday_SAM0-UNICON_piControl_r1i1p1f1_gn_04280101-04281231.nc 111923796
[INFO]:    tos_Oday_SAM0-UNICON_piControl_r1i1p1f1_gn_04290101-04291231.nc 111830535
[INFO]:    tos_Oday_SAM0-UNICON_piControl_r1i1p1f1_gn_04300101-04301231.nc 111867122
[INFO]:    tos_Oday_SAM0-UNICON_piControl_r1i1p1f1_gn_04310101-04311231.nc 111859912
[INFO]:    tos_Oday_SAM0-UNICON_piControl_r1i1p1f1_gn_04320101-04321231.nc 112072286
[INFO]:    tos_Oday_SAM0-UNICON_piControl_r1i1p1f1_gn_04330101-04331231.nc 111920451
[INFO]:    tos_Oday_SAM0-UNICON_piControl_r1i1p1f1_gn_04340101-04341231.nc 111963698
[INFO]:    tos_Oday_SAM0-UNICON_piControl_r1i1p1f1_gn_04350101-04351231.nc 112105057
[INFO]:    tos_Oday_SAM0-UNICON_piControl_r1i1p1f1_gn_04360101-04361231.nc 111977821
[INFO]:    tos_Oday_SAM0-UNICON_piControl_r1i1p1f1_gn_04370101-04371231.nc 111937609
[INFO]:    tos_Oday_SAM0-UNICON_piControl_r1i1p1f1_gn_04380101-04381231.nc 111944730
[INFO]:    tos_Oday_SAM0-UNICON_piControl_r1i1p1f1_gn_04390101-04391231.nc 111856097
[INFO]:    tos_Oday_SAM0-UNICON_piControl_r1i1p1f1_gn_04400101-04401231.nc 112080425
[INFO]:    tos_Oday_SAM0-UNICON_piControl_r1i1p1f1_gn_04410101-04411231.nc 111982455
[INFO]:    tos_Oday_SAM0-UNICON_piControl_r1i1p1f1_gn_04420101-04421231.nc 111924893
[INFO]:    tos_Oday_SAM0-UNICON_piControl_r1i1p1f1_gn_04430101-04431231.nc 111997165
[INFO]:    tos_Oday_SAM0-UNICON_piControl_r1i1p1f1_gn_04440101-04441231.nc 111920705
[INFO]:    tos_Oday_SAM0-UNICON_piControl_r1i1p1f1_gn_04450101-04451231.nc 112127240
[INFO]:    tos_Oday_SAM0-UNICON_piControl_r1i1p1f1_gn_04460101-04461231.nc 111993441
[INFO]:    tos_Oday_SAM0-UNICON_piControl_r1i1p1f1_gn_04470101-04471231.nc 111932564
[INFO]:    tos_Oday_SAM0-UNICON_piControl_r1i1p1f1_gn_04480101-04481231.nc 111921681
[INFO]:    tos_Oday_SAM0-UNICON_piControl_r1i1p1f1_gn_04490101-04491231.nc 111980279
[INFO]:    tos_Oday_SAM0-UNICON_piControl_r1i1p1f1_gn_04500101-04501231.nc 111977995
[INFO]:    tos_Oday_SAM0-UNICON_piControl_r1i1p1f1_gn_04510101-04511231.nc 111767849
[INFO]:    tos_Oday_SAM0-UNICON_piControl_r1i1p1f1_gn_04520101-04521231.nc 111934037
[INFO]:    tos_Oday_SAM0-UNICON_piControl_r1i1p1f1_gn_04530101-04531231.nc 111957373
[INFO]:    tos_Oday_SAM0-UNICON_piControl_r1i1p1f1_gn_04540101-04541231.nc 111850114
[INFO]:    tos_Oday_SAM0-UNICON_piControl_r1i1p1f1_gn_04550101-04551231.nc 112006420
[INFO]:    tos_Oday_SAM0-UNICON_piControl_r1i1p1f1_gn_04560101-04561231.nc 112055322
[INFO]:    tos_Oday_SAM0-UNICON_piControl_r1i1p1f1_gn_04570101-04571231.nc 112151023
[INFO]:    tos_Oday_SAM0-UNICON_piControl_r1i1p1f1_gn_04580101-04581231.nc 111931735
[INFO]:    tos_Oday_SAM0-UNICON_piControl_r1i1p1f1_gn_04590101-04591231.nc 112037783
[INFO]:    tos_Oday_SAM0-UNICON_piControl_r1i1p1f1_gn_04600101-04601231.nc 112026771
[INFO]:    tos_Oday_SAM0-UNICON_piControl_r1i1p1f1_gn_04610101-04611231.nc 111949264
[INFO]:    tos_Oday_SAM0-UNICON_piControl_r1i1p1f1_gn_04620101-04621231.nc 112165872
[INFO]:    tos_Oday_SAM0-UNICON_piControl_r1i1p1f1_gn_04630101-04631231.nc 111885049
[INFO]:    tos_Oday_SAM0-UNICON_piControl_r1i1p1f1_gn_04640101-04641231.nc 112034038
[INFO]:    tos_Oday_SAM0-UNICON_piControl_r1i1p1f1_gn_04650101-04651231.nc 111972108
[INFO]:    tos_Oday_SAM0-UNICON_piControl_r1i1p1f1_gn_04660101-04661231.nc 111888258
[INFO]:    tos_Oday_SAM0-UNICON_piControl_r1i1p1f1_gn_04670101-04671231.nc 112095008
[INFO]:    tos_Oday_SAM0-UNICON_piControl_r1i1p1f1_gn_04680101-04681231.nc 112120742
[INFO]:    tos_Oday_SAM0-UNICON_piControl_r1i1p1f1_gn_04690101-04691231.nc 112041047
[INFO]:    tos_Oday_SAM0-UNICON_piControl_r1i1p1f1_gn_04700101-04701231.nc 111886192
[INFO]:    tos_Oday_SAM0-UNICON_piControl_r1i1p1f1_gn_04710101-04711231.nc 112092871
[INFO]:    tos_Oday_SAM0-UNICON_piControl_r1i1p1f1_gn_04720101-04721231.nc 112103349
[INFO]:    tos_Oday_SAM0-UNICON_piControl_r1i1p1f1_gn_04730101-04731231.nc 112074069
[INFO]:    tos_Oday_SAM0-UNICON_piControl_r1i1p1f1_gn_04740101-04741231.nc 111959893
[INFO]:    tos_Oday_SAM0-UNICON_piControl_r1i1p1f1_gn_04750101-04751231.nc 111918979
[INFO]:    tos_Oday_SAM0-UNICON_piControl_r1i1p1f1_gn_04760101-04761231.nc 112094804
[INFO]:    tos_Oday_SAM0-UNICON_piControl_r1i1p1f1_gn_04770101-04771231.nc 112051587
[INFO]:    tos_Oday_SAM0-UNICON_piControl_r1i1p1f1_gn_04780101-04781231.nc 111861267
[INFO]:    tos_Oday_SAM0-UNICON_piControl_r1i1p1f1_gn_04790101-04791231.nc 111946594
[INFO]:    tos_Oday_SAM0-UNICON_piControl_r1i1p1f1_gn_04800101-04801231.nc 111990961
[INFO]:    tos_Oday_SAM0-UNICON_piControl_r1i1p1f1_gn_04810101-04811231.nc 111911096
[INFO]:    tos_Oday_SAM0-UNICON_piControl_r1i1p1f1_gn_04820101-04821231.nc 112033534
[INFO]:    tos_Oday_SAM0-UNICON_piControl_r1i1p1f1_gn_04830101-04831231.nc 111895580
[INFO]:    tos_Oday_SAM0-UNICON_piControl_r1i1p1f1_gn_04840101-04841231.nc 112026412
[INFO]:    tos_Oday_SAM0-UNICON_piControl_r1i1p1f1_gn_04850101-04851231.nc 111919202
[INFO]:    tos_Oday_SAM0-UNICON_piControl_r1i1p1f1_gn_04860101-04861231.nc 111860216
[INFO]:    tos_Oday_SAM0-UNICON_piControl_r1i1p1f1_gn_04870101-04871231.nc 111897778
[INFO]:    tos_Oday_SAM0-UNICON_piControl_r1i1p1f1_gn_04880101-04881231.nc 112144866
[INFO]:    tos_Oday_SAM0-UNICON_piControl_r1i1p1f1_gn_04890101-04891231.nc 111961539
[INFO]:    tos_Oday_SAM0-UNICON_piControl_r1i1p1f1_gn_04900101-04901231.nc 111919727
[INFO]:    tos_Oday_SAM0-UNICON_piControl_r1i1p1f1_gn_04910101-04911231.nc 112069596
[INFO]:    tos_Oday_SAM0-UNICON_piControl_r1i1p1f1_gn_04920101-04921231.nc 112166347
[INFO]:    tos_Oday_SAM0-UNICON_piControl_r1i1p1f1_gn_04930101-04931231.nc 112084498
[INFO]:    tos_Oday_SAM0-UNICON_piControl_r1i1p1f1_gn_04940101-04941231.nc 112083248
[INFO]:    tos_Oday_SAM0-UNICON_piControl_r1i1p1f1_gn_04950101-04951231.nc 112149852
[INFO]:    tos_Oday_SAM0-UNICON_piControl_r1i1p1f1_gn_04960101-04961231.nc 112016763
[INFO]:    tos_Oday_SAM0-UNICON_piControl_r1i1p1f1_gn_04970101-04971231.nc 112014937
[INFO]:    tos_Oday_SAM0-UNICON_piControl_r1i1p1f1_gn_04980101-04981231.nc 111896614
[INFO]:    tos_Oday_SAM0-UNICON_piControl_r1i1p1f1_gn_04990101-04991231.nc 111959544
[INFO]:    tos_Oday_SAM0-UNICON_piControl_r1i1p1f1_gn_05000101-05001231.nc 112098240
[INFO]:    tos_Oday_SAM0-UNICON_piControl_r1i1p1f1_gn_05010101-05011231.nc 112144929
[INFO]:    tos_Oday_SAM0-UNICON_piControl_r1i1p1f1_gn_05020101-05021231.nc 112001740
[INFO]:    tos_Oday_SAM0-UNICON_piControl_r1i1p1f1_gn_05030101-05031231.nc 111879817
[INFO]:    tos_Oday_SAM0-UNICON_piControl_r1i1p1f1_gn_05040101-05041231.nc 112077531
[INFO]:    tos_Oday_SAM0-UNICON_piControl_r1i1p1f1_gn_05050101-05051231.nc 111949888
[INFO]:    tos_Oday_SAM0-UNICON_piControl_r1i1p1f1_gn_05060101-05061231.nc 112038431
[INFO]:    tos_Oday_SAM0-UNICON_piControl_r1i1p1f1_gn_05070101-05071231.nc 111936429
[INFO]:    tos_Oday_SAM0-UNICON_piControl_r1i1p1f1_gn_05080101-05081231.nc 111987662
[INFO]:    tos_Oday_SAM0-UNICON_piControl_r1i1p1f1_gn_05090101-05091231.nc 112005641
[INFO]:    tos_Oday_SAM0-UNICON_piControl_r1i1p1f1_gn_05100101-05101231.nc 111887726
[INFO]:    tos_Oday_SAM0-UNICON_piControl_r1i1p1f1_gn_05110101-05111231.nc 111864713
[INFO]:    tos_Oday_SAM0-UNICON_piControl_r1i1p1f1_gn_05120101-05121231.nc 111914602
[INFO]:    tos_Oday_SAM0-UNICON_piControl_r1i1p1f1_gn_05130101-05131231.nc 111971383
[INFO]:    tos_Oday_SAM0-UNICON_piControl_r1i1p1f1_gn_05140101-05141231.nc 112053641
[INFO]:    tos_Oday_SAM0-UNICON_piControl_r1i1p1f1_gn_05150101-05151231.nc 112030765
[INFO]:    tos_Oday_SAM0-UNICON_piControl_r1i1p1f1_gn_05160101-05161231.nc 111961738
[INFO]:    tos_Oday_SAM0-UNICON_piControl_r1i1p1f1_gn_05170101-05171231.nc 112045885
[INFO]:    tos_Oday_SAM0-UNICON_piControl_r1i1p1f1_gn_05180101-05181231.nc 112111701
[INFO]:    tos_Oday_SAM0-UNICON_piControl_r1i1p1f1_gn_05190101-05191231.nc 111914637
[INFO]:    tos_Oday_SAM0-UNICON_piControl_r1i1p1f1_gn_05200101-05201231.nc 112092023
[INFO]:    tos_Oday_SAM0-UNICON_piControl_r1i1p1f1_gn_05210101-05211231.nc 111962249
[INFO]:    tos_Oday_SAM0-UNICON_piControl_r1i1p1f1_gn_05220101-05221231.nc 111963573
[INFO]:    tos_Oday_SAM0-UNICON_piControl_r1i1p1f1_gn_05230101-05231231.nc 111985681
[INFO]:    tos_Oday_SAM0-UNICON_piControl_r1i1p1f1_gn_05240101-05241231.nc 111882443
[INFO]:    tos_Oday_SAM0-UNICON_piControl_r1i1p1f1_gn_05250101-05251231.nc 112077147
[INFO]:    tos_Oday_SAM0-UNICON_piControl_r1i1p1f1_gn_05260101-05261231.nc 112056566
[INFO]:    tos_Oday_SAM0-UNICON_piControl_r1i1p1f1_gn_05270101-05271231.nc 111875607
[INFO]:    tos_Oday_SAM0-UNICON_piControl_r1i1p1f1_gn_05280101-05281231.nc 111977264
[INFO]:    tos_Oday_SAM0-UNICON_piControl_r1i1p1f1_gn_05290101-05291231.nc 112052690
[INFO]:    tos_Oday_SAM0-UNICON_piControl_r1i1p1f1_gn_05300101-05301231.nc 112215857
[INFO]:    tos_Oday_SAM0-UNICON_piControl_r1i1p1f1_gn_05310101-05311231.nc 112140883
[INFO]:    tos_Oday_SAM0-UNICON_piControl_r1i1p1f1_gn_05320101-05321231.nc 111832892
[INFO]:    tos_Oday_SAM0-UNICON_piControl_r1i1p1f1_gn_05330101-05331231.nc 112038434
[INFO]:    tos_Oday_SAM0-UNICON_piControl_r1i1p1f1_gn_05340101-05341231.nc 111922028
[INFO]:    tos_Oday_SAM0-UNICON_piControl_r1i1p1f1_gn_05350101-05351231.nc 112041205
[INFO]:    tos_Oday_SAM0-UNICON_piControl_r1i1p1f1_gn_05360101-05361231.nc 112001634
[INFO]:    tos_Oday_SAM0-UNICON_piControl_r1i1p1f1_gn_05370101-05371231.nc 111841345
[INFO]:    tos_Oday_SAM0-UNICON_piControl_r1i1p1f1_gn_05380101-05381231.nc 111897255
[INFO]:    tos_Oday_SAM0-UNICON_piControl_r1i1p1f1_gn_05390101-05391231.nc 112064256
[INFO]:    tos_Oday_SAM0-UNICON_piControl_r1i1p1f1_gn_05400101-05401231.nc 112035775
[INFO]:    tos_Oday_SAM0-UNICON_piControl_r1i1p1f1_gn_05410101-05411231.nc 112069766
[INFO]:    tos_Oday_SAM0-UNICON_piControl_r1i1p1f1_gn_05420101-05421231.nc 111888434
[INFO]:    tos_Oday_SAM0-UNICON_piControl_r1i1p1f1_gn_05430101-05431231.nc 112019840
[INFO]:    tos_Oday_SAM0-UNICON_piControl_r1i1p1f1_gn_05440101-05441231.nc 111957319
[INFO]:    tos_Oday_SAM0-UNICON_piControl_r1i1p1f1_gn_05450101-05451231.nc 111942426
[INFO]:    tos_Oday_SAM0-UNICON_piControl_r1i1p1f1_gn_05460101-05461231.nc 112138510
[INFO]:    tos_Oday_SAM0-UNICON_piControl_r1i1p1f1_gn_05470101-05471231.nc 111972633
[INFO]:    tos_Oday_SAM0-UNICON_piControl_r1i1p1f1_gn_05480101-05481231.nc 112015152
[INFO]:    tos_Oday_SAM0-UNICON_piControl_r1i1p1f1_gn_05490101-05491231.nc 112109136
[INFO]:    tos_Oday_SAM0-UNICON_piControl_r1i1p1f1_gn_05500101-05501231.nc 111839189
[INFO]:    tos_Oday_SAM0-UNICON_piControl_r1i1p1f1_gn_05510101-05511231.nc 111888516
[INFO]:    tos_Oday_SAM0-UNICON_piControl_r1i1p1f1_gn_05520101-05521231.nc 111888990
[INFO]:    tos_Oday_SAM0-UNICON_piControl_r1i1p1f1_gn_05530101-05531231.nc 111888916
[INFO]:    tos_Oday_SAM0-UNICON_piControl_r1i1p1f1_gn_05540101-05541231.nc 111978015
[INFO]:    tos_Oday_SAM0-UNICON_piControl_r1i1p1f1_gn_05550101-05551231.nc 112019140
[INFO]:    tos_Oday_SAM0-UNICON_piControl_r1i1p1f1_gn_05560101-05561231.nc 111881734
[INFO]:    tos_Oday_SAM0-UNICON_piControl_r1i1p1f1_gn_05570101-05571231.nc 111904523
[INFO]:    tos_Oday_SAM0-UNICON_piControl_r1i1p1f1_gn_05580101-05581231.nc 112058977
[INFO]:    tos_Oday_SAM0-UNICON_piControl_r1i1p1f1_gn_05590101-05591231.nc 111952113
[INFO]:    tos_Oday_SAM0-UNICON_piControl_r1i1p1f1_gn_05600101-05601231.nc 111816156
[INFO]:    tos_Oday_SAM0-UNICON_piControl_r1i1p1f1_gn_05610101-05611231.nc 112033973
[INFO]:    tos_Oday_SAM0-UNICON_piControl_r1i1p1f1_gn_05620101-05621231.nc 112002535
[INFO]:    tos_Oday_SAM0-UNICON_piControl_r1i1p1f1_gn_05630101-05631231.nc 111891154
[INFO]:    tos_Oday_SAM0-UNICON_piControl_r1i1p1f1_gn_05640101-05641231.nc 111762847
[INFO]:    tos_Oday_SAM0-UNICON_piControl_r1i1p1f1_gn_05650101-05651231.nc 111935719
[INFO]:    tos_Oday_SAM0-UNICON_piControl_r1i1p1f1_gn_05660101-05661231.nc 112038328
[INFO]:    tos_Oday_SAM0-UNICON_piControl_r1i1p1f1_gn_05670101-05671231.nc 111895403
[INFO]:    tos_Oday_SAM0-UNICON_piControl_r1i1p1f1_gn_05680101-05681231.nc 112001224
[INFO]:    tos_Oday_SAM0-UNICON_piControl_r1i1p1f1_gn_05690101-05691231.nc 111984677
[INFO]:    tos_Oday_SAM0-UNICON_piControl_r1i1p1f1_gn_05700101-05701231.nc 111860628
[INFO]:    tos_Oday_SAM0-UNICON_piControl_r1i1p1f1_gn_05710101-05711231.nc 112018730
[INFO]:    tos_Oday_SAM0-UNICON_piControl_r1i1p1f1_gn_05720101-05721231.nc 111993766
[INFO]:    tos_Oday_SAM0-UNICON_piControl_r1i1p1f1_gn_05730101-05731231.nc 112057606
[INFO]:    tos_Oday_SAM0-UNICON_piControl_r1i1p1f1_gn_05740101-05741231.nc 112111761
[INFO]:    tos_Oday_SAM0-UNICON_piControl_r1i1p1f1_gn_05750101-05751231.nc 111938938
[INFO]:    tos_Oday_SAM0-UNICON_piControl_r1i1p1f1_gn_05760101-05761231.nc 112026275
[INFO]:    tos_Oday_SAM0-UNICON_piControl_r1i1p1f1_gn_05770101-05771231.nc 112034499
[INFO]:    tos_Oday_SAM0-UNICON_piControl_r1i1p1f1_gn_05780101-05781231.nc 111945480
[INFO]:    tos_Oday_SAM0-UNICON_piControl_r1i1p1f1_gn_05790101-05791231.nc 112015436
[INFO]:    tos_Oday_SAM0-UNICON_piControl_r1i1p1f1_gn_05800101-05801231.nc 112067822
[INFO]:    tos_Oday_SAM0-UNICON_piControl_r1i1p1f1_gn_05810101-05811231.nc 112097107
[INFO]:    tos_Oday_SAM0-UNICON_piControl_r1i1p1f1_gn_05820101-05821231.nc 112077387
[INFO]:    tos_Oday_SAM0-UNICON_piControl_r1i1p1f1_gn_05830101-05831231.nc 111769674
[INFO]:    tos_Oday_SAM0-UNICON_piControl_r1i1p1f1_gn_05840101-05841231.nc 111969433
[INFO]:    tos_Oday_SAM0-UNICON_piControl_r1i1p1f1_gn_05850101-05851231.nc 112052947
[INFO]:    tos_Oday_SAM0-UNICON_piControl_r1i1p1f1_gn_05860101-05861231.nc 112010728
[INFO]:    tos_Oday_SAM0-UNICON_piControl_r1i1p1f1_gn_05870101-05871231.nc 112104716
[INFO]:    tos_Oday_SAM0-UNICON_piControl_r1i1p1f1_gn_05880101-05881231.nc 112020762
[INFO]:    tos_Oday_SAM0-UNICON_piControl_r1i1p1f1_gn_05890101-05891231.nc 111906951
[INFO]:    tos_Oday_SAM0-UNICON_piControl_r1i1p1f1_gn_05900101-05901231.nc 111970282
[INFO]:    tos_Oday_SAM0-UNICON_piControl_r1i1p1f1_gn_05910101-05911231.nc 112088116
[INFO]:    tos_Oday_SAM0-UNICON_piControl_r1i1p1f1_gn_05920101-05921231.nc 111881672
[INFO]:    tos_Oday_SAM0-UNICON_piControl_r1i1p1f1_gn_05930101-05931231.nc 111934502
[INFO]:    tos_Oday_SAM0-UNICON_piControl_r1i1p1f1_gn_05940101-05941231.nc 111971802
[INFO]:    tos_Oday_SAM0-UNICON_piControl_r1i1p1f1_gn_05950101-05951231.nc 111950745
[INFO]:    tos_Oday_SAM0-UNICON_piControl_r1i1p1f1_gn_05960101-05961231.nc 111902083
[INFO]:    tos_Oday_SAM0-UNICON_piControl_r1i1p1f1_gn_05970101-05971231.nc 112030217
[INFO]:    tos_Oday_SAM0-UNICON_piControl_r1i1p1f1_gn_05980101-05981231.nc 111941598
[INFO]:    tos_Oday_SAM0-UNICON_piControl_r1i1p1f1_gn_05990101-05991231.nc 112083940
[INFO]:    tos_Oday_SAM0-UNICON_piControl_r1i1p1f1_gn_06000101-06001231.nc 112050684
[INFO]:    tos_Oday_SAM0-UNICON_piControl_r1i1p1f1_gn_06010101-06011231.nc 111817356
[INFO]:    tos_Oday_SAM0-UNICON_piControl_r1i1p1f1_gn_06020101-06021231.nc 111966879
[INFO]:    tos_Oday_SAM0-UNICON_piControl_r1i1p1f1_gn_06030101-06031231.nc 111943708
[INFO]:    tos_Oday_SAM0-UNICON_piControl_r1i1p1f1_gn_06040101-06041231.nc 111951693
[INFO]:    tos_Oday_SAM0-UNICON_piControl_r1i1p1f1_gn_06050101-06051231.nc 112129616
[INFO]:    tos_Oday_SAM0-UNICON_piControl_r1i1p1f1_gn_06060101-06061231.nc 112015270
[INFO]:    tos_Oday_SAM0-UNICON_piControl_r1i1p1f1_gn_06070101-06071231.nc 111902792
[INFO]:    tos_Oday_SAM0-UNICON_piControl_r1i1p1f1_gn_06080101-06081231.nc 111859755
[INFO]:    tos_Oday_SAM0-UNICON_piControl_r1i1p1f1_gn_06090101-06091231.nc 111900074
[INFO]:    tos_Oday_SAM0-UNICON_piControl_r1i1p1f1_gn_06100101-06101231.nc 112025183
[INFO]:    tos_Oday_SAM0-UNICON_piControl_r1i1p1f1_gn_06110101-06111231.nc 112011706
[INFO]:    tos_Oday_SAM0-UNICON_piControl_r1i1p1f1_gn_06120101-06121231.nc 111805921
[INFO]:    tos_Oday_SAM0-UNICON_piControl_r1i1p1f1_gn_06130101-06131231.nc 111840661
[INFO]:    tos_Oday_SAM0-UNICON_piControl_r1i1p1f1_gn_06140101-06141231.nc 111949406
[INFO]:    tos_Oday_SAM0-UNICON_piControl_r1i1p1f1_gn_06150101-06151231.nc 111938481
[INFO]:    tos_Oday_SAM0-UNICON_piControl_r1i1p1f1_gn_06160101-06161231.nc 111906676
[INFO]:    tos_Oday_SAM0-UNICON_piControl_r1i1p1f1_gn_06170101-06171231.nc 111919082
[INFO]:    tos_Oday_SAM0-UNICON_piControl_r1i1p1f1_gn_06180101-06181231.nc 111911998
[INFO]:    tos_Oday_SAM0-UNICON_piControl_r1i1p1f1_gn_06190101-06191231.nc 112088994
[INFO]:    tos_Oday_SAM0-UNICON_piControl_r1i1p1f1_gn_06200101-06201231.nc 112060756
[INFO]:    tos_Oday_SAM0-UNICON_piControl_r1i1p1f1_gn_06210101-06211231.nc 112009070
[INFO]:    tos_Oday_SAM0-UNICON_piControl_r1i1p1f1_gn_06220101-06221231.nc 111800582
[INFO]:    tos_Oday_SAM0-UNICON_piControl_r1i1p1f1_gn_06230101-06231231.nc 111851957
[INFO]:    tos_Oday_SAM0-UNICON_piControl_r1i1p1f1_gn_06240101-06241231.nc 112136626
[INFO]:    tos_Oday_SAM0-UNICON_piControl_r1i1p1f1_gn_06250101-06251231.nc 112047301
[INFO]:    tos_Oday_SAM0-UNICON_piControl_r1i1p1f1_gn_06260101-06261231.nc 111896708
[INFO]:    tos_Oday_SAM0-UNICON_piControl_r1i1p1f1_gn_06270101-06271231.nc 111957644
[INFO]:    tos_Oday_SAM0-UNICON_piControl_r1i1p1f1_gn_06280101-06281231.nc 112000215
[INFO]:    tos_Oday_SAM0-UNICON_piControl_r1i1p1f1_gn_06290101-06291231.nc 111892541
[INFO]:    tos_Oday_SAM0-UNICON_piControl_r1i1p1f1_gn_06300101-06301231.nc 112046939
[INFO]:    tos_Oday_SAM0-UNICON_piControl_r1i1p1f1_gn_06310101-06311231.nc 112055695
[INFO]:    tos_Oday_SAM0-UNICON_piControl_r1i1p1f1_gn_06320101-06321231.nc 112020137
[INFO]:    tos_Oday_SAM0-UNICON_piControl_r1i1p1f1_gn_06330101-06331231.nc 111970287
[INFO]:    tos_Oday_SAM0-UNICON_piControl_r1i1p1f1_gn_06340101-06341231.nc 111788076
[INFO]:    tos_Oday_SAM0-UNICON_piControl_r1i1p1f1_gn_06350101-06351231.nc 112042858
[INFO]:    tos_Oday_SAM0-UNICON_piControl_r1i1p1f1_gn_06360101-06361231.nc 111950145
[INFO]:    tos_Oday_SAM0-UNICON_piControl_r1i1p1f1_gn_06370101-06371231.nc 111843876
[INFO]:    tos_Oday_SAM0-UNICON_piControl_r1i1p1f1_gn_06380101-06381231.nc 111922326
[INFO]:    tos_Oday_SAM0-UNICON_piControl_r1i1p1f1_gn_06390101-06391231.nc 111962425
[INFO]:    tos_Oday_SAM0-UNICON_piControl_r1i1p1f1_gn_06400101-06401231.nc 112001830
[INFO]:    tos_Oday_SAM0-UNICON_piControl_r1i1p1f1_gn_06410101-06411231.nc 111871948
[INFO]:    tos_Oday_SAM0-UNICON_piControl_r1i1p1f1_gn_06420101-06421231.nc 112001768
[INFO]:    tos_Oday_SAM0-UNICON_piControl_r1i1p1f1_gn_06430101-06431231.nc 112013397
[INFO]:    tos_Oday_SAM0-UNICON_piControl_r1i1p1f1_gn_06440101-06441231.nc 111855760
[INFO]:    tos_Oday_SAM0-UNICON_piControl_r1i1p1f1_gn_06450101-06451231.nc 111981830
[INFO]:    tos_Oday_SAM0-UNICON_piControl_r1i1p1f1_gn_06460101-06461231.nc 111870911
[INFO]:    tos_Oday_SAM0-UNICON_piControl_r1i1p1f1_gn_06470101-06471231.nc 111987676
[INFO]:    tos_Oday_SAM0-UNICON_piControl_r1i1p1f1_gn_06480101-06481231.nc 111812595
[INFO]:    tos_Oday_SAM0-UNICON_piControl_r1i1p1f1_gn_06490101-06491231.nc 111920224
[INFO]:    tos_Oday_SAM0-UNICON_piControl_r1i1p1f1_gn_06500101-06501231.nc 112007511
[INFO]:    tos_Oday_SAM0-UNICON_piControl_r1i1p1f1_gn_06510101-06511231.nc 112049047
[INFO]:    tos_Oday_SAM0-UNICON_piControl_r1i1p1f1_gn_06520101-06521231.nc 112184981
[INFO]:    tos_Oday_SAM0-UNICON_piControl_r1i1p1f1_gn_06530101-06531231.nc 111930007
[INFO]:    tos_Oday_SAM0-UNICON_piControl_r1i1p1f1_gn_06540101-06541231.nc 111996050
[INFO]:    tos_Oday_SAM0-UNICON_piControl_r1i1p1f1_gn_06550101-06551231.nc 111826478
[INFO]:    tos_Oday_SAM0-UNICON_piControl_r1i1p1f1_gn_06560101-06561231.nc 112022641
[INFO]:    tos_Oday_SAM0-UNICON_piControl_r1i1p1f1_gn_06570101-06571231.nc 112118322
[INFO]:    tos_Oday_SAM0-UNICON_piControl_r1i1p1f1_gn_06580101-06581231.nc 111918995
[INFO]:    tos_Oday_SAM0-UNICON_piControl_r1i1p1f1_gn_06590101-06591231.nc 111930295
[INFO]:    tos_Oday_SAM0-UNICON_piControl_r1i1p1f1_gn_06600101-06601231.nc 112081737
[INFO]:    tos_Oday_SAM0-UNICON_piControl_r1i1p1f1_gn_06610101-06611231.nc 111963376
[INFO]:    tos_Oday_SAM0-UNICON_piControl_r1i1p1f1_gn_06620101-06621231.nc 111916420
[INFO]:    tos_Oday_SAM0-UNICON_piControl_r1i1p1f1_gn_06630101-06631231.nc 112122960
[INFO]:    tos_Oday_SAM0-UNICON_piControl_r1i1p1f1_gn_06640101-06641231.nc 112024845
[INFO]:    tos_Oday_SAM0-UNICON_piControl_r1i1p1f1_gn_06650101-06651231.nc 112007538
[INFO]:    tos_Oday_SAM0-UNICON_piControl_r1i1p1f1_gn_06660101-06661231.nc 111900360
[INFO]:    tos_Oday_SAM0-UNICON_piControl_r1i1p1f1_gn_06670101-06671231.nc 111813120
[INFO]:    tos_Oday_SAM0-UNICON_piControl_r1i1p1f1_gn_06680101-06681231.nc 111887185
[INFO]:    tos_Oday_SAM0-UNICON_piControl_r1i1p1f1_gn_06690101-06691231.nc 111979613
[INFO]:    tos_Oday_SAM0-UNICON_piControl_r1i1p1f1_gn_06700101-06701231.nc 111870173
[INFO]:    tos_Oday_SAM0-UNICON_piControl_r1i1p1f1_gn_06710101-06711231.nc 111923031
[INFO]:    tos_Oday_SAM0-UNICON_piControl_r1i1p1f1_gn_06720101-06721231.nc 111735187
[INFO]:    tos_Oday_SAM0-UNICON_piControl_r1i1p1f1_gn_06730101-06731231.nc 112005331
[INFO]:    tos_Oday_SAM0-UNICON_piControl_r1i1p1f1_gn_06740101-06741231.nc 111961237
[INFO]:    tos_Oday_SAM0-UNICON_piControl_r1i1p1f1_gn_06750101-06751231.nc 111878207
[INFO]:    tos_Oday_SAM0-UNICON_piControl_r1i1p1f1_gn_06760101-06761231.nc 111766293
[INFO]:    tos_Oday_SAM0-UNICON_piControl_r1i1p1f1_gn_06770101-06771231.nc 111890966
[INFO]:    tos_Oday_SAM0-UNICON_piControl_r1i1p1f1_gn_06780101-06781231.nc 111934341
[INFO]:    tos_Oday_SAM0-UNICON_piControl_r1i1p1f1_gn_06790101-06791231.nc 112112505
[INFO]:    tos_Oday_SAM0-UNICON_piControl_r1i1p1f1_gn_06800101-06801231.nc 111996070
[INFO]:    tos_Oday_SAM0-UNICON_piControl_r1i1p1f1_gn_06810101-06811231.nc 111917783
[INFO]:    tos_Oday_SAM0-UNICON_piControl_r1i1p1f1_gn_06820101-06821231.nc 111902245
[INFO]:    tos_Oday_SAM0-UNICON_piControl_r1i1p1f1_gn_06830101-06831231.nc 111965477
[INFO]:    tos_Oday_SAM0-UNICON_piControl_r1i1p1f1_gn_06840101-06841231.nc 112081492
[INFO]:    tos_Oday_SAM0-UNICON_piControl_r1i1p1f1_gn_06850101-06851231.nc 111824906
[INFO]:    tos_Oday_SAM0-UNICON_piControl_r1i1p1f1_gn_06860101-06861231.nc 111992050
[INFO]:    tos_Oday_SAM0-UNICON_piControl_r1i1p1f1_gn_06870101-06871231.nc 111815885
[INFO]:    tos_Oday_SAM0-UNICON_piControl_r1i1p1f1_gn_06880101-06881231.nc 111919641
[INFO]:    tos_Oday_SAM0-UNICON_piControl_r1i1p1f1_gn_06890101-06891231.nc 111863853
[INFO]:    tos_Oday_SAM0-UNICON_piControl_r1i1p1f1_gn_06900101-06901231.nc 112114440
[INFO]:    tos_Oday_SAM0-UNICON_piControl_r1i1p1f1_gn_06910101-06911231.nc 111960569
[INFO]:    tos_Oday_SAM0-UNICON_piControl_r1i1p1f1_gn_06920101-06921231.nc 111964103
[INFO]:    tos_Oday_SAM0-UNICON_piControl_r1i1p1f1_gn_06930101-06931231.nc 111929420
[INFO]:    tos_Oday_SAM0-UNICON_piControl_r1i1p1f1_gn_06940101-06941231.nc 111927682
[INFO]:    tos_Oday_SAM0-UNICON_piControl_r1i1p1f1_gn_06950101-06951231.nc 111987979
[INFO]:    tos_Oday_SAM0-UNICON_piControl_r1i1p1f1_gn_06960101-06961231.nc 112031954
[INFO]:    tos_Oday_SAM0-UNICON_piControl_r1i1p1f1_gn_06970101-06971231.nc 112029707
[INFO]:    tos_Oday_SAM0-UNICON_piControl_r1i1p1f1_gn_06980101-06981231.nc 111767044
[INFO]:    tos_Oday_SAM0-UNICON_piControl_r1i1p1f1_gn_06990101-06991231.nc 111958228
[INFO]:    tos_Oday_SAM0-UNICON_piControl_r1i1p1f1_gn_07000101-07001231.nc 111853037
[INFO]:Writing to cmip6-test/CMIP6_CMIP_SNU_SAM0-UNICON_piControl_r1i1p1f1_Oday_tos_gn_v20190910
/apps/slurm/spool/slurmd/job7939902/slurm_script: line 4: 26503 Killed                  python write_cmip6_dataset_to_jasminS3.py /badc/cmip6/data/CMIP6/CMIP/SNU/SAM0-UNICON/piControl/r1i1p1f1/Oday/tos/gn/v20190910/
slurmstepd: error: Detected 1 oom-kill event(s) in step 7939902.batch cgroup. Some of your processes may have been killed by the cgroup out-of-memory handler.
